<!DOCTYPE html PUBLIC "-//W3C//DTD XHTML 1.1//EN" "http://www.w3.org/TR/xhtml11/DTD/xhtml11.dtd">
<html xmlns="http://www.w3.org/1999/xhtml">
<head>
<meta http-equiv="content-type" content="text/html; charset=UTF-8"/>
<title>TestNG Report</title>
<style type="text/css">table {margin-bottom:10px;border-collapse:collapse;empty-cells:show}th,td {border:1px solid #009;padding:.25em .5em}th {vertical-align:bottom}td {vertical-align:top}table a {font-weight:bold}.stripe td {background-color: #E6EBF9}.num {text-align:right}.passedodd td {background-color: #3F3}.passedeven td {background-color: #0A0}.skippedodd td {background-color: #DDD}.skippedeven td {background-color: #CCC}.failedodd td,.attn {background-color: #F33}.failedeven td,.stripe .attn {background-color: #D00}.stacktrace {white-space:pre;font-family:monospace}.totop {font-size:85%;text-align:center;border-bottom:2px solid #000}.invisible {display:none}</style>
</head>
<body>
<table>
<tr><th>Test</th><th># Passed</th><th># Skipped</th><th># Failed</th><th>Time (ms)</th><th>Included Groups</th><th>Excluded Groups</th></tr>
<tr><th colspan="7">All Test Suite</th></tr>
<tr><td><a href="#t0">D:/IdeaWorkspace/SeachEngine/test/hust/cs/javacourse/search/index/TermTest.java</a></td><td class="num">9</td><td class="num">0</td><td class="num">0</td><td class="num">21</td><td></td><td></td></tr>
<tr class="stripe"><td><a href="#t1">D:/IdeaWorkspace/SeachEngine/test/hust/cs/javacourse/search/index/TermTupleTest.java</a></td><td class="num">4</td><td class="num">0</td><td class="num">0</td><td class="num">5</td><td></td><td></td></tr>
<tr><td><a href="#t2">D:/IdeaWorkspace/SeachEngine/test/hust/cs/javacourse/search/index/PostingTest.java</a></td><td class="num">16</td><td class="num">0</td><td class="num">0</td><td class="num">8</td><td></td><td></td></tr>
<tr class="stripe"><td><a href="#t3">D:/IdeaWorkspace/SeachEngine/test/hust/cs/javacourse/search/index/PostingListTest.java</a></td><td class="num">17</td><td class="num">0</td><td class="num">0</td><td class="num">6</td><td></td><td></td></tr>
<tr><td><a href="#t4">D:/IdeaWorkspace/SeachEngine/test/hust/cs/javacourse/search/index/DocumentTest.java</a></td><td class="num">12</td><td class="num">0</td><td class="num">0</td><td class="num">8</td><td></td><td></td></tr>
<tr class="stripe"><td><a href="#t5">D:/IdeaWorkspace/SeachEngine/test/hust/cs/javacourse/search/parse/TermTupleScannerTest.java</a></td><td class="num">0</td><td class="num attn">1</td><td class="num">0</td><td class="num">3</td><td></td><td></td></tr>
<tr><td><a href="#t6">D:/IdeaWorkspace/SeachEngine/test/hust/cs/javacourse/search/parse/StopWordTermTupleFilterTest.java</a></td><td class="num">0</td><td class="num attn">1</td><td class="num">0</td><td class="num">3</td><td></td><td></td></tr>
<tr class="stripe"><td><a href="#t7">D:/IdeaWorkspace/SeachEngine/test/hust/cs/javacourse/search/parse/PatternTermTupleFilterTest.java</a></td><td class="num">0</td><td class="num attn">1</td><td class="num">0</td><td class="num">2</td><td></td><td></td></tr>
<tr><td><a href="#t8">D:/IdeaWorkspace/SeachEngine/test/hust/cs/javacourse/search/parse/LengthTermTupleFilterTest.java</a></td><td class="num">0</td><td class="num attn">1</td><td class="num">0</td><td class="num">2</td><td></td><td></td></tr>
<tr class="stripe"><td><a href="#t9">D:/IdeaWorkspace/SeachEngine/test/hust/cs/javacourse/search/parse/ScannerFilterAllInOneTest.java</a></td><td class="num">0</td><td class="num attn">1</td><td class="num">0</td><td class="num">1</td><td></td><td></td></tr>
<tr><td><a href="#t10">D:/IdeaWorkspace/SeachEngine/test/hust/cs/javacourse/search/index/DocumentBuilderTest.java</a></td><td class="num">0</td><td class="num attn">2</td><td class="num">0</td><td class="num">101</td><td></td><td></td></tr>
<tr class="stripe"><td><a href="#t11">D:/IdeaWorkspace/SeachEngine/test/hust/cs/javacourse/search/index/IndexTest.java</a></td><td class="num">2</td><td class="num attn">3</td><td class="num attn">5</td><td class="num">10</td><td></td><td></td></tr>
<tr><td><a href="#t12">D:/IdeaWorkspace/SeachEngine/test/hust/cs/javacourse/search/index/IndexBuilderTest.java</a></td><td class="num">0</td><td class="num">0</td><td class="num attn">1</td><td class="num">2</td><td></td><td></td></tr>
<tr class="stripe"><td><a href="#t13">D:/IdeaWorkspace/SeachEngine/test/hust/cs/javacourse/search/query/HitTest.java</a></td><td class="num">0</td><td class="num attn">9</td><td class="num">0</td><td class="num">5</td><td></td><td></td></tr>
<tr><td><a href="#t14">D:/IdeaWorkspace/SeachEngine/test/hust/cs/javacourse/search/query/IndexSearcherTest.java</a></td><td class="num">0</td><td class="num">0</td><td class="num attn">3</td><td class="num">5</td><td></td><td></td></tr>
<tr><th>Total</th><th class="num">60</th><th class="num attn">19</th><th class="num attn">9</th><th class="num">182</th><th colspan="2"></th></tr>
</table>
<table id='summary'><thead><tr><th>Class</th><th>Method</th><th>Start</th><th>Time (ms)</th></tr></thead><tbody><tr><th colspan="4">All Test Suite</th></tr></tbody><tbody id="t0"><tr><th colspan="4">D:/IdeaWorkspace/SeachEngine/test/hust/cs/javacourse/search/index/TermTest.java &#8212; passed</th></tr><tr class="passedeven"><td rowspan="9">hust.cs.javacourse.search.index.TermTest</td><td><a href="#m0">testCompareTo</a></td><td rowspan="2">1714723565267</td><td rowspan="2">1</td></tr><tr class="passedeven"><td><a href="#m1">testCompareTo</a></td></tr><tr class="passedeven"><td><a href="#m2">testGetContent</a></td><td rowspan="1">1714723565266</td><td rowspan="1">1</td></tr><tr class="passedeven"><td><a href="#m3">testReadObject</a></td><td rowspan="1">1714723565272</td><td rowspan="1">0</td></tr><tr class="passedeven"><td><a href="#m4">testSetContent</a></td><td rowspan="1">1714723565267</td><td rowspan="1">0</td></tr><tr class="passedeven"><td><a href="#m5">testTestEquals</a></td><td rowspan="2">1714723565265</td><td rowspan="2">0</td></tr><tr class="passedeven"><td><a href="#m6">testTestEquals</a></td></tr><tr class="passedeven"><td><a href="#m7">testTestToString</a></td><td rowspan="1">1714723565265</td><td rowspan="1">1</td></tr><tr class="passedeven"><td><a href="#m8">testWriteObject</a></td><td rowspan="1">1714723565270</td><td rowspan="1">1</td></tr></tbody>
<tbody id="t1"><tr><th colspan="4">D:/IdeaWorkspace/SeachEngine/test/hust/cs/javacourse/search/index/TermTupleTest.java &#8212; passed</th></tr><tr class="passedeven"><td rowspan="4">hust.cs.javacourse.search.index.TermTupleTest</td><td><a href="#m9">testTestEquals</a></td><td rowspan="3">1714723565309</td><td rowspan="3">0</td></tr><tr class="passedeven"><td><a href="#m10">testTestEquals</a></td></tr><tr class="passedeven"><td><a href="#m11">testTestEquals</a></td></tr><tr class="passedeven"><td><a href="#m12">testTestToString</a></td><td rowspan="1">1714723565309</td><td rowspan="1">4</td></tr></tbody>
<tbody id="t2"><tr><th colspan="4">D:/IdeaWorkspace/SeachEngine/test/hust/cs/javacourse/search/index/PostingTest.java &#8212; passed</th></tr><tr class="passedeven"><td rowspan="16">hust.cs.javacourse.search.index.PostingTest</td><td><a href="#m13">testCompareTo</a></td><td rowspan="1">1714723565321</td><td rowspan="1">0</td></tr><tr class="passedeven"><td><a href="#m14">testGetDocId</a></td><td rowspan="1">1714723565320</td><td rowspan="1">0</td></tr><tr class="passedeven"><td><a href="#m15">testGetFreq</a></td><td rowspan="1">1714723565320</td><td rowspan="1">0</td></tr><tr class="passedeven"><td><a href="#m16">testGetPositions</a></td><td rowspan="1">1714723565320</td><td rowspan="1">1</td></tr><tr class="passedeven"><td><a href="#m17">testReadObject</a></td><td rowspan="1">1714723565323</td><td rowspan="1">0</td></tr><tr class="passedeven"><td><a href="#m18">testSetDocId</a></td><td rowspan="1">1714723565320</td><td rowspan="1">0</td></tr><tr class="passedeven"><td><a href="#m19">testSetFreq</a></td><td rowspan="1">1714723565320</td><td rowspan="1">0</td></tr><tr class="passedeven"><td><a href="#m20">testSetPositions</a></td><td rowspan="1">1714723565321</td><td rowspan="1">0</td></tr><tr class="passedeven"><td><a href="#m21">testSort</a></td><td rowspan="1">1714723565322</td><td rowspan="1">0</td></tr><tr class="passedeven"><td><a href="#m22">testTestEquals</a></td><td rowspan="5">1714723565316</td><td rowspan="5">0</td></tr><tr class="passedeven"><td><a href="#m23">testTestEquals</a></td></tr><tr class="passedeven"><td><a href="#m24">testTestEquals</a></td></tr><tr class="passedeven"><td><a href="#m25">testTestEquals</a></td></tr><tr class="passedeven"><td><a href="#m26">testTestEquals</a></td></tr><tr class="passedeven"><td><a href="#m27">testTestToString</a></td><td rowspan="1">1714723565316</td><td rowspan="1">3</td></tr><tr class="passedeven"><td><a href="#m28">testWriteObject</a></td><td rowspan="1">1714723565322</td><td rowspan="1">0</td></tr></tbody>
<tbody id="t3"><tr><th colspan="4">D:/IdeaWorkspace/SeachEngine/test/hust/cs/javacourse/search/index/PostingListTest.java &#8212; passed</th></tr><tr class="passedeven"><td rowspan="17">hust.cs.javacourse.search.index.PostingListTest</td><td><a href="#m29">testAdd</a></td><td rowspan="1">1714723565326</td><td rowspan="1">0</td></tr><tr class="passedeven"><td><a href="#m30">testClear</a></td><td rowspan="1">1714723565328</td><td rowspan="1">1</td></tr><tr class="passedeven"><td><a href="#m31">testContains</a></td><td rowspan="1">1714723565328</td><td rowspan="1">0</td></tr><tr class="passedeven"><td><a href="#m32">testGet</a></td><td rowspan="1">1714723565327</td><td rowspan="1">0</td></tr><tr class="passedeven"><td><a href="#m33">testIndexOf</a></td><td rowspan="1">1714723565327</td><td rowspan="1">0</td></tr><tr class="passedeven"><td><a href="#m34">testIsEmpty</a></td><td rowspan="2">1714723565329</td><td rowspan="2">0</td></tr><tr class="passedeven"><td><a href="#m35">testIsEmpty</a></td></tr><tr class="passedeven"><td><a href="#m36">testReadObject</a></td><td rowspan="1">1714723565330</td><td rowspan="1">1</td></tr><tr class="passedeven"><td><a href="#m37">testRemove</a></td><td rowspan="1">1714723565328</td><td rowspan="1">0</td></tr><tr class="passedeven"><td><a href="#m38">testSize</a></td><td rowspan="2">1714723565328</td><td rowspan="2">0</td></tr><tr class="passedeven"><td><a href="#m39">testSize</a></td></tr><tr class="passedeven"><td><a href="#m40">testSort</a></td><td rowspan="1">1714723565329</td><td rowspan="1">0</td></tr><tr class="passedeven"><td><a href="#m41">testTestAdd</a></td><td rowspan="1">1714723565327</td><td rowspan="1">0</td></tr><tr class="passedeven"><td><a href="#m42">testTestIndexOf</a></td><td rowspan="1">1714723565328</td><td rowspan="1">0</td></tr><tr class="passedeven"><td><a href="#m43">testTestRemove</a></td><td rowspan="1">1714723565328</td><td rowspan="1">0</td></tr><tr class="passedeven"><td><a href="#m44">testTestToString</a></td><td rowspan="1">1714723565326</td><td rowspan="1">1</td></tr><tr class="passedeven"><td><a href="#m45">testWriteObject</a></td><td rowspan="1">1714723565330</td><td rowspan="1">0</td></tr></tbody>
<tbody id="t4"><tr><th colspan="4">D:/IdeaWorkspace/SeachEngine/test/hust/cs/javacourse/search/index/DocumentTest.java &#8212; passed</th></tr><tr class="passedeven"><td rowspan="12">hust.cs.javacourse.search.index.DocumentTest</td><td><a href="#m46">testAddTuple</a></td><td rowspan="1">1714723565337</td><td rowspan="1">0</td></tr><tr class="passedeven"><td><a href="#m47">testContains</a></td><td rowspan="2">1714723565337</td><td rowspan="2">0</td></tr><tr class="passedeven"><td><a href="#m48">testContains</a></td></tr><tr class="passedeven"><td><a href="#m49">testGetDocId</a></td><td rowspan="1">1714723565334</td><td rowspan="1">1</td></tr><tr class="passedeven"><td><a href="#m50">testGetDocPath</a></td><td rowspan="1">1714723565335</td><td rowspan="1">1</td></tr><tr class="passedeven"><td><a href="#m51">testGetTuple</a></td><td rowspan="1">1714723565337</td><td rowspan="1">0</td></tr><tr class="passedeven"><td><a href="#m52">testGetTupleSize</a></td><td rowspan="2">1714723565338</td><td rowspan="2">0</td></tr><tr class="passedeven"><td><a href="#m53">testGetTupleSize</a></td></tr><tr class="passedeven"><td><a href="#m54">testGetTuples</a></td><td rowspan="1">1714723565336</td><td rowspan="1">1</td></tr><tr class="passedeven"><td><a href="#m55">testSetDocId</a></td><td rowspan="1">1714723565335</td><td rowspan="1">0</td></tr><tr class="passedeven"><td><a href="#m56">testSetDocPath</a></td><td rowspan="1">1714723565336</td><td rowspan="1">0</td></tr><tr class="passedeven"><td><a href="#m57">testTestToString</a></td><td rowspan="1">1714723565338</td><td rowspan="1">3</td></tr></tbody>
<tbody id="t5"><tr><th colspan="4">D:/IdeaWorkspace/SeachEngine/test/hust/cs/javacourse/search/parse/TermTupleScannerTest.java &#8212; skipped</th></tr><tr class="skippedeven"><td rowspan="1">hust.cs.javacourse.search.parse.TermTupleScannerTest</td><td><a href="#m58">testNext</a></td><td rowspan="1">1714723565346</td><td rowspan="1">0</td></tr></tbody>
<tbody id="t6"><tr><th colspan="4">D:/IdeaWorkspace/SeachEngine/test/hust/cs/javacourse/search/parse/StopWordTermTupleFilterTest.java &#8212; skipped</th></tr><tr class="skippedeven"><td rowspan="1">hust.cs.javacourse.search.parse.StopWordTermTupleFilterTest</td><td><a href="#m59">testNext</a></td><td rowspan="1">1714723565351</td><td rowspan="1">0</td></tr></tbody>
<tbody id="t7"><tr><th colspan="4">D:/IdeaWorkspace/SeachEngine/test/hust/cs/javacourse/search/parse/PatternTermTupleFilterTest.java &#8212; skipped</th></tr><tr class="skippedeven"><td rowspan="1">hust.cs.javacourse.search.parse.PatternTermTupleFilterTest</td><td><a href="#m60">testNext</a></td><td rowspan="1">1714723565355</td><td rowspan="1">0</td></tr></tbody>
<tbody id="t8"><tr><th colspan="4">D:/IdeaWorkspace/SeachEngine/test/hust/cs/javacourse/search/parse/LengthTermTupleFilterTest.java &#8212; skipped</th></tr><tr class="skippedeven"><td rowspan="1">hust.cs.javacourse.search.parse.LengthTermTupleFilterTest</td><td><a href="#m61">testNext</a></td><td rowspan="1">1714723565359</td><td rowspan="1">0</td></tr></tbody>
<tbody id="t9"><tr><th colspan="4">D:/IdeaWorkspace/SeachEngine/test/hust/cs/javacourse/search/parse/ScannerFilterAllInOneTest.java &#8212; skipped</th></tr><tr class="skippedeven"><td rowspan="1">hust.cs.javacourse.search.parse.ScannerFilterAllInOneTest</td><td><a href="#m62">testNext</a></td><td rowspan="1">1714723565362</td><td rowspan="1">0</td></tr></tbody>
<tbody id="t10"><tr><th colspan="4">D:/IdeaWorkspace/SeachEngine/test/hust/cs/javacourse/search/index/DocumentBuilderTest.java &#8212; skipped</th></tr><tr class="skippedeven"><td rowspan="2">hust.cs.javacourse.search.index.DocumentBuilderTest</td><td><a href="#m63">testBuild</a></td><td rowspan="1">1714723565461</td><td rowspan="1">0</td></tr><tr class="skippedeven"><td><a href="#m64">testTestBuild</a></td><td rowspan="1">1714723565465</td><td rowspan="1">0</td></tr></tbody>
<tbody id="t11"><tr><th colspan="4">D:/IdeaWorkspace/SeachEngine/test/hust/cs/javacourse/search/index/IndexTest.java &#8212; failed</th></tr><tr class="failedeven"><td rowspan="5">hust.cs.javacourse.search.index.IndexTest</td><td><a href="#m65">testGetDocName</a></td><td rowspan="1">1714723565478</td><td rowspan="1">0</td></tr><tr class="failedeven"><td><a href="#m66">testLoad</a></td><td rowspan="1">1714723565471</td><td rowspan="1">0</td></tr><tr class="failedeven"><td><a href="#m67">testOptimize</a></td><td rowspan="1">1714723565476</td><td rowspan="1">1</td></tr><tr class="failedeven"><td><a href="#m68">testSave</a></td><td rowspan="1">1714723565472</td><td rowspan="1">0</td></tr><tr class="failedeven"><td><a href="#m69">testSearch</a></td><td rowspan="1">1714723565473</td><td rowspan="1">0</td></tr><tr><th colspan="4">D:/IdeaWorkspace/SeachEngine/test/hust/cs/javacourse/search/index/IndexTest.java &#8212; skipped</th></tr><tr class="skippedeven"><td rowspan="3">hust.cs.javacourse.search.index.IndexTest</td><td><a href="#m70">testAddDocument</a></td><td rowspan="1">1714723565470</td><td rowspan="1">0</td></tr><tr class="skippedeven"><td><a href="#m71">testGetDictionary</a></td><td rowspan="1">1714723565474</td><td rowspan="1">0</td></tr><tr class="skippedeven"><td><a href="#m72">testTestToString</a></td><td rowspan="1">1714723565469</td><td rowspan="1">0</td></tr><tr><th colspan="4">D:/IdeaWorkspace/SeachEngine/test/hust/cs/javacourse/search/index/IndexTest.java &#8212; passed</th></tr><tr class="passedeven"><td rowspan="2">hust.cs.javacourse.search.index.IndexTest</td><td><a href="#m73">testReadObject</a></td><td rowspan="1">1714723565475</td><td rowspan="1">1</td></tr><tr class="passedeven"><td><a href="#m74">testWriteObject</a></td><td rowspan="1">1714723565475</td><td rowspan="1">0</td></tr></tbody>
<tbody id="t12"><tr><th colspan="4">D:/IdeaWorkspace/SeachEngine/test/hust/cs/javacourse/search/index/IndexBuilderTest.java &#8212; failed</th></tr><tr class="failedeven"><td rowspan="1">hust.cs.javacourse.search.index.IndexBuilderTest</td><td><a href="#m75">testBuildIndex</a></td><td rowspan="1">1714723565490</td><td rowspan="1">0</td></tr></tbody>
<tbody id="t13"><tr><th colspan="4">D:/IdeaWorkspace/SeachEngine/test/hust/cs/javacourse/search/query/HitTest.java &#8212; skipped</th></tr><tr class="skippedeven"><td rowspan="9">hust.cs.javacourse.search.query.HitTest</td><td><a href="#m76">testCompareTo</a></td><td rowspan="1">1714723565497</td><td rowspan="1">0</td></tr><tr class="skippedeven"><td><a href="#m77">testGetContent</a></td><td rowspan="1">1714723565494</td><td rowspan="1">0</td></tr><tr class="skippedeven"><td><a href="#m78">testGetDocId</a></td><td rowspan="1">1714723565493</td><td rowspan="1">0</td></tr><tr class="skippedeven"><td><a href="#m79">testGetDocPath</a></td><td rowspan="1">1714723565494</td><td rowspan="1">0</td></tr><tr class="skippedeven"><td><a href="#m80">testGetScore</a></td><td rowspan="1">1714723565495</td><td rowspan="1">0</td></tr><tr class="skippedeven"><td><a href="#m81">testGetTermPostingMapping</a></td><td rowspan="1">1714723565496</td><td rowspan="1">0</td></tr><tr class="skippedeven"><td><a href="#m82">testSetContent</a></td><td rowspan="1">1714723565495</td><td rowspan="1">0</td></tr><tr class="skippedeven"><td><a href="#m83">testSetScore</a></td><td rowspan="1">1714723565496</td><td rowspan="1">0</td></tr><tr class="skippedeven"><td><a href="#m84">testTestToString</a></td><td rowspan="1">1714723565497</td><td rowspan="1">0</td></tr></tbody>
<tbody id="t14"><tr><th colspan="4">D:/IdeaWorkspace/SeachEngine/test/hust/cs/javacourse/search/query/IndexSearcherTest.java &#8212; failed</th></tr><tr class="failedeven"><td rowspan="3">hust.cs.javacourse.search.query.IndexSearcherTest</td><td><a href="#m85">testSearch</a></td><td rowspan="2">1714723565506</td><td rowspan="2">0</td></tr><tr class="failedeven"><td><a href="#m86">testSearch</a></td></tr><tr class="failedeven"><td><a href="#m87">testTestSearch</a></td><td rowspan="1">1714723565507</td><td rowspan="1">0</td></tr></tbody>
</table>
<h2>D:/IdeaWorkspace/SeachEngine/test/hust/cs/javacourse/search/index/TermTest.java</h2><h3 id="m0">hust.cs.javacourse.search.index.TermTest#testCompareTo</h3><table class="result"><tr class="param"><th>Parameter #1</th><th>Parameter #2</th></tr><tr class="param stripe"><td>[abc, abc]</td><td>0</td></tr></table><p class="totop"><a href="#summary">back to summary</a></p>
<h3 id="m1">hust.cs.javacourse.search.index.TermTest#testCompareTo</h3><table class="result"><tr class="param"><th>Parameter #1</th><th>Parameter #2</th></tr><tr class="param stripe"><td>[def, dab]</td><td>4</td></tr></table><p class="totop"><a href="#summary">back to summary</a></p>
<h3 id="m2">hust.cs.javacourse.search.index.TermTest#testGetContent</h3><table class="result"><tr class="param"><th>Parameter #1</th><th>Parameter #2</th></tr><tr class="param stripe"><td>We have a dream.</td><td>We have a dream.</td></tr></table><p class="totop"><a href="#summary">back to summary</a></p>
<h3 id="m3">hust.cs.javacourse.search.index.TermTest#testReadObject</h3><table class="result"><tr class="param"><th>Parameter #1</th><th>Parameter #2</th></tr><tr class="param stripe"><td>search engine</td><td>/home/charswool/daily/java_course/lab/Java%e6%96%b0%e5%ae%9e%e9%aa%8c%e4%b8%80/test/Experiment1Test/test/config/..//ser/Term.dat</td></tr></table><p class="totop"><a href="#summary">back to summary</a></p>
<h3 id="m4">hust.cs.javacourse.search.index.TermTest#testSetContent</h3><table class="result"><tr class="param"><th>Parameter #1</th><th>Parameter #2</th></tr><tr class="param stripe"><td>We have no dream.</td><td>We have no dream.</td></tr></table><p class="totop"><a href="#summary">back to summary</a></p>
<h3 id="m5">hust.cs.javacourse.search.index.TermTest#testTestEquals</h3><table class="result"><tr class="param"><th>Parameter #1</th><th>Parameter #2</th></tr><tr class="param stripe"><td>[search engine, search engine ]</td><td>false</td></tr></table><p class="totop"><a href="#summary">back to summary</a></p>
<h3 id="m6">hust.cs.javacourse.search.index.TermTest#testTestEquals</h3><table class="result"><tr class="param"><th>Parameter #1</th><th>Parameter #2</th></tr><tr class="param stripe"><td>[search engine, search engine]</td><td>true</td></tr></table><p class="totop"><a href="#summary">back to summary</a></p>
<h3 id="m7">hust.cs.javacourse.search.index.TermTest#testTestToString</h3><table class="result"><tr class="param"><th>Parameter #1</th><th>Parameter #2</th></tr><tr class="param stripe"><td>We have a dream.</td><td>We have a dream.</td></tr></table><p class="totop"><a href="#summary">back to summary</a></p>
<h3 id="m8">hust.cs.javacourse.search.index.TermTest#testWriteObject</h3><table class="result"><tr class="param"><th>Parameter #1</th><th>Parameter #2</th></tr><tr class="param stripe"><td>search engine</td><td>/home/charswool/daily/java_course/lab/Java%e6%96%b0%e5%ae%9e%e9%aa%8c%e4%b8%80/test/Experiment1Test/test/config/..//ser/Term.dat</td></tr></table><p class="totop"><a href="#summary">back to summary</a></p>
<h2>D:/IdeaWorkspace/SeachEngine/test/hust/cs/javacourse/search/index/TermTupleTest.java</h2><h3 id="m9">hust.cs.javacourse.search.index.TermTupleTest#testTestEquals</h3><table class="result"><tr class="param"><th>Parameter #1</th><th>Parameter #2</th></tr><tr class="param stripe"><td>[aaa 1 20, bbb 1 20]</td><td>false</td></tr></table><p class="totop"><a href="#summary">back to summary</a></p>
<h3 id="m10">hust.cs.javacourse.search.index.TermTupleTest#testTestEquals</h3><table class="result"><tr class="param"><th>Parameter #1</th><th>Parameter #2</th></tr><tr class="param stripe"><td>[aaa 1 17, aaa 1 17]</td><td>true</td></tr></table><p class="totop"><a href="#summary">back to summary</a></p>
<h3 id="m11">hust.cs.javacourse.search.index.TermTupleTest#testTestEquals</h3><table class="result"><tr class="param"><th>Parameter #1</th><th>Parameter #2</th></tr><tr class="param stripe"><td>[aaa 1 17, aaa 1 20]</td><td>false</td></tr></table><p class="totop"><a href="#summary">back to summary</a></p>
<h3 id="m12">hust.cs.javacourse.search.index.TermTupleTest#testTestToString</h3><table class="result"><tr class="param"><th>Parameter #1</th><th>Parameter #2</th></tr><tr class="param stripe"><td>Search 1 100</td><td>[Search, 1, 100]</td></tr></table><p class="totop"><a href="#summary">back to summary</a></p>
<h2>D:/IdeaWorkspace/SeachEngine/test/hust/cs/javacourse/search/index/PostingTest.java</h2><h3 id="m13">hust.cs.javacourse.search.index.PostingTest#testCompareTo</h3><table class="result"><tr class="param"><th>Parameter #1</th><th>Parameter #2</th></tr><tr class="param stripe"><td>[DocId: 2, word freq: 4
    Word positions: [10, 100, 320, 400]
, DocId: 1, word freq: 4
    Word positions: [10, 100, 320, 400]
]</td><td>1</td></tr></table><p class="totop"><a href="#summary">back to summary</a></p>
<h3 id="m14">hust.cs.javacourse.search.index.PostingTest#testGetDocId</h3><table class="result"><tr class="param"><th>Parameter #1</th><th>Parameter #2</th></tr><tr class="param stripe"><td>DocId: 1, word freq: 4
    Word positions: [10, 100, 320, 400]
</td><td>1</td></tr></table><p class="totop"><a href="#summary">back to summary</a></p>
<h3 id="m15">hust.cs.javacourse.search.index.PostingTest#testGetFreq</h3><table class="result"><tr class="param"><th>Parameter #1</th><th>Parameter #2</th></tr><tr class="param stripe"><td>DocId: 1, word freq: 4
    Word positions: [10, 100, 320, 400]
</td><td>4</td></tr></table><p class="totop"><a href="#summary">back to summary</a></p>
<h3 id="m16">hust.cs.javacourse.search.index.PostingTest#testGetPositions</h3><table class="result"><tr class="param"><th>Parameter #1</th><th>Parameter #2</th></tr><tr class="param stripe"><td>DocId: 1, word freq: 4
    Word positions: [10, 100, 320, 400]
</td><td>[10, 100, 320, 400]</td></tr></table><p class="totop"><a href="#summary">back to summary</a></p>
<h3 id="m17">hust.cs.javacourse.search.index.PostingTest#testReadObject</h3><table class="result"><tr class="param"><th>Parameter #1</th><th>Parameter #2</th></tr><tr class="param stripe"><td>DocId: 1, word freq: 4
    Word positions: [10, 100, 320, 400]
</td><td>/home/charswool/daily/java_course/lab/Java%e6%96%b0%e5%ae%9e%e9%aa%8c%e4%b8%80/test/Experiment1Test/test/config/..//ser/Posting.dat</td></tr></table><p class="totop"><a href="#summary">back to summary</a></p>
<h3 id="m18">hust.cs.javacourse.search.index.PostingTest#testSetDocId</h3><table class="result"><tr class="param"><th>Parameter #1</th><th>Parameter #2</th></tr><tr class="param stripe"><td>DocId: 20, word freq: 0
    Word positions: []
</td><td>20</td></tr></table><p class="totop"><a href="#summary">back to summary</a></p>
<h3 id="m19">hust.cs.javacourse.search.index.PostingTest#testSetFreq</h3><table class="result"><tr class="param"><th>Parameter #1</th><th>Parameter #2</th></tr><tr class="param stripe"><td>DocId: 0, word freq: 8
    Word positions: []
</td><td>8</td></tr></table><p class="totop"><a href="#summary">back to summary</a></p>
<h3 id="m20">hust.cs.javacourse.search.index.PostingTest#testSetPositions</h3><table class="result"><tr class="param"><th>Parameter #1</th><th>Parameter #2</th></tr><tr class="param stripe"><td>DocId: 0, word freq: 0
    Word positions: [100, 320, 400]
</td><td>[100, 320, 400]</td></tr></table><p class="totop"><a href="#summary">back to summary</a></p>
<h3 id="m21">hust.cs.javacourse.search.index.PostingTest#testSort</h3><table class="result"><tr class="param"><th>Parameter #1</th><th>Parameter #2</th></tr><tr class="param stripe"><td>DocId: 1, word freq: 4
    Word positions: [10, 100, 320, 400]
</td><td>[10, 100, 320, 400]</td></tr></table><p class="totop"><a href="#summary">back to summary</a></p>
<h3 id="m22">hust.cs.javacourse.search.index.PostingTest#testTestEquals</h3><table class="result"><tr class="param"><th>Parameter #1</th><th>Parameter #2</th></tr><tr class="param stripe"><td>[DocId: 1, word freq: 4
    Word positions: [10, 100, 320, 400]
, DocId: 1, word freq: 4
    Word positions: [10, 100, 320, 400]
]</td><td>true</td></tr></table><p class="totop"><a href="#summary">back to summary</a></p>
<h3 id="m23">hust.cs.javacourse.search.index.PostingTest#testTestEquals</h3><table class="result"><tr class="param"><th>Parameter #1</th><th>Parameter #2</th></tr><tr class="param stripe"><td>[DocId: 1, word freq: 4
    Word positions: [10, 100, 320, 400]
, DocId: 1, word freq: 4
    Word positions: [100, 320, 400]
]</td><td>false</td></tr></table><p class="totop"><a href="#summary">back to summary</a></p>
<h3 id="m24">hust.cs.javacourse.search.index.PostingTest#testTestEquals</h3><table class="result"><tr class="param"><th>Parameter #1</th><th>Parameter #2</th></tr><tr class="param stripe"><td>[DocId: 1, word freq: 4
    Word positions: [10, 100, 320, 400]
, DocId: 1, word freq: 5
    Word positions: [10, 100, 320, 400]
]</td><td>false</td></tr></table><p class="totop"><a href="#summary">back to summary</a></p>
<h3 id="m25">hust.cs.javacourse.search.index.PostingTest#testTestEquals</h3><table class="result"><tr class="param"><th>Parameter #1</th><th>Parameter #2</th></tr><tr class="param stripe"><td>[DocId: 1, word freq: 4
    Word positions: [10, 100, 320, 400]
, DocId: 1, word freq: 4
    Word positions: [100, 10, 400, 320]
]</td><td>true</td></tr></table><p class="totop"><a href="#summary">back to summary</a></p>
<h3 id="m26">hust.cs.javacourse.search.index.PostingTest#testTestEquals</h3><table class="result"><tr class="param"><th>Parameter #1</th><th>Parameter #2</th></tr><tr class="param stripe"><td>[DocId: 2, word freq: 4
    Word positions: [10, 100, 320, 400]
, DocId: 1, word freq: 4
    Word positions: [10, 100, 320, 400]
]</td><td>false</td></tr></table><p class="totop"><a href="#summary">back to summary</a></p>
<h3 id="m27">hust.cs.javacourse.search.index.PostingTest#testTestToString</h3><table class="result"><tr class="param"><th>Parameter #1</th><th>Parameter #2</th></tr><tr class="param stripe"><td>DocId: 1, word freq: 4
    Word positions: [10, 100, 320, 400]
</td><td>[1, 4, 10, 100, 320, 400]</td></tr></table><p class="totop"><a href="#summary">back to summary</a></p>
<h3 id="m28">hust.cs.javacourse.search.index.PostingTest#testWriteObject</h3><table class="result"><tr class="param"><th>Parameter #1</th><th>Parameter #2</th></tr><tr class="param stripe"><td>DocId: 1, word freq: 4
    Word positions: [10, 100, 320, 400]
</td><td>/home/charswool/daily/java_course/lab/Java%e6%96%b0%e5%ae%9e%e9%aa%8c%e4%b8%80/test/Experiment1Test/test/config/..//ser/Posting.dat</td></tr></table><p class="totop"><a href="#summary">back to summary</a></p>
<h2>D:/IdeaWorkspace/SeachEngine/test/hust/cs/javacourse/search/index/PostingListTest.java</h2><h3 id="m29">hust.cs.javacourse.search.index.PostingListTest#testAdd</h3><table class="result"><tr class="param"><th>Parameter #1</th><th>Parameter #2</th></tr><tr class="param stripe"><td>[DocId: 1, word freq: 4
    Word positions: [1, 2, 3, 4]
, DocId: 2, word freq: 2
    Word positions: [5, 6]
]</td><td>[DocId: 1, word freq: 4
    Word positions: [1, 2, 3, 4]
, DocId: 1, word freq: 4
    Word positions: [2, 4, 3, 1]
, DocId: 2, word freq: 2
    Word positions: [5, 6]
]</td></tr></table><p class="totop"><a href="#summary">back to summary</a></p>
<h3 id="m30">hust.cs.javacourse.search.index.PostingListTest#testClear</h3><table class="result"><tr class="param"><th>Parameter #1</th><th>Parameter #2</th></tr><tr class="param stripe"><td>[]</td><td>null</td></tr></table><p class="totop"><a href="#summary">back to summary</a></p>
<h3 id="m31">hust.cs.javacourse.search.index.PostingListTest#testContains</h3><table class="result"><tr class="param"><th>Parameter #1</th><th>Parameter #2</th></tr><tr class="param stripe"><td>[DocId: 1, word freq: 4
    Word positions: [1, 2, 3, 4]
]</td><td>[DocId: 1, word freq: 4
    Word positions: [1, 2, 3, 4]
, DocId: 2, word freq: 2
    Word positions: [5, 6]
]</td></tr></table><p class="totop"><a href="#summary">back to summary</a></p>
<h3 id="m32">hust.cs.javacourse.search.index.PostingListTest#testGet</h3><table class="result"><tr class="param"><th>Parameter #1</th><th>Parameter #2</th></tr><tr class="param stripe"><td>[DocId: 1, word freq: 4
    Word positions: [1, 2, 3, 4]
, DocId: 2, word freq: 2
    Word positions: [5, 6]
]</td><td>[DocId: 1, word freq: 4
    Word positions: [1, 2, 3, 4]
, DocId: 2, word freq: 2
    Word positions: [5, 6]
]</td></tr></table><p class="totop"><a href="#summary">back to summary</a></p>
<h3 id="m33">hust.cs.javacourse.search.index.PostingListTest#testIndexOf</h3><table class="result"><tr class="param"><th>Parameter #1</th><th>Parameter #2</th></tr><tr class="param stripe"><td>[DocId: 1, word freq: 4
    Word positions: [1, 2, 3, 4]
, DocId: 2, word freq: 2
    Word positions: [5, 6]
]</td><td>[DocId: 1, word freq: 4
    Word positions: [1, 2, 3, 4]
, DocId: 2, word freq: 2
    Word positions: [5, 6]
]</td></tr></table><p class="totop"><a href="#summary">back to summary</a></p>
<h3 id="m34">hust.cs.javacourse.search.index.PostingListTest#testIsEmpty</h3><table class="result"><tr class="param"><th>Parameter #1</th><th>Parameter #2</th></tr><tr class="param stripe"><td>[]</td><td>true</td></tr></table><p class="totop"><a href="#summary">back to summary</a></p>
<h3 id="m35">hust.cs.javacourse.search.index.PostingListTest#testIsEmpty</h3><table class="result"><tr class="param"><th>Parameter #1</th><th>Parameter #2</th></tr><tr class="param stripe"><td>[DocId: 1, word freq: 4
    Word positions: [1, 2, 3, 4]
, DocId: 2, word freq: 2
    Word positions: [5, 6]
]</td><td>false</td></tr></table><p class="totop"><a href="#summary">back to summary</a></p>
<h3 id="m36">hust.cs.javacourse.search.index.PostingListTest#testReadObject</h3><table class="result"><tr class="param"><th>Parameter #1</th><th>Parameter #2</th></tr><tr class="param stripe"><td>[DocId: 1, word freq: 4
    Word positions: [1, 2, 3, 4]
, DocId: 2, word freq: 2
    Word positions: [5, 6]
]</td><td>/home/charswool/daily/java_course/lab/Java%e6%96%b0%e5%ae%9e%e9%aa%8c%e4%b8%80/test/Experiment1Test/test/config/..//ser/PostingList.dat</td></tr></table><p class="totop"><a href="#summary">back to summary</a></p>
<h3 id="m37">hust.cs.javacourse.search.index.PostingListTest#testRemove</h3><table class="result"><tr class="param"><th>Parameter #1</th><th>Parameter #2</th></tr><tr class="param stripe"><td>[]</td><td>[DocId: 1, word freq: 4
    Word positions: [1, 2, 3, 4]
, DocId: 2, word freq: 2
    Word positions: [5, 6]
]</td></tr></table><p class="totop"><a href="#summary">back to summary</a></p>
<h3 id="m38">hust.cs.javacourse.search.index.PostingListTest#testSize</h3><table class="result"><tr class="param"><th>Parameter #1</th><th>Parameter #2</th></tr><tr class="param stripe"><td>[]</td><td>0</td></tr></table><p class="totop"><a href="#summary">back to summary</a></p>
<h3 id="m39">hust.cs.javacourse.search.index.PostingListTest#testSize</h3><table class="result"><tr class="param"><th>Parameter #1</th><th>Parameter #2</th></tr><tr class="param stripe"><td>[DocId: 1, word freq: 4
    Word positions: [1, 2, 3, 4]
, DocId: 2, word freq: 2
    Word positions: [5, 6]
]</td><td>2</td></tr></table><p class="totop"><a href="#summary">back to summary</a></p>
<h3 id="m40">hust.cs.javacourse.search.index.PostingListTest#testSort</h3><table class="result"><tr class="param"><th>Parameter #1</th><th>Parameter #2</th></tr><tr class="param stripe"><td>[DocId: 2, word freq: 4
    Word positions: [5, 9, 7, 8]
, DocId: 3, word freq: 2
    Word positions: [10, 11]
, DocId: 4, word freq: 4
    Word positions: [1, 4, 3, 2]
]</td><td>[2, 3, 4]</td></tr></table><p class="totop"><a href="#summary">back to summary</a></p>
<h3 id="m41">hust.cs.javacourse.search.index.PostingListTest#testTestAdd</h3><table class="result"><tr class="param"><th>Parameter #1</th><th>Parameter #2</th></tr><tr class="param stripe"><td>[DocId: 1, word freq: 4
    Word positions: [1, 2, 3, 4]
, DocId: 2, word freq: 2
    Word positions: [5, 6]
]</td><td>[DocId: 1, word freq: 4
    Word positions: [1, 2, 3, 4]
, DocId: 1, word freq: 4
    Word positions: [2, 4, 3, 1]
, DocId: 2, word freq: 2
    Word positions: [5, 6]
]</td></tr></table><p class="totop"><a href="#summary">back to summary</a></p>
<h3 id="m42">hust.cs.javacourse.search.index.PostingListTest#testTestIndexOf</h3><table class="result"><tr class="param"><th>Parameter #1</th><th>Parameter #2</th></tr><tr class="param stripe"><td>[DocId: 1, word freq: 4
    Word positions: [1, 2, 3, 4]
, DocId: 2, word freq: 2
    Word positions: [5, 6]
]</td><td>[DocId: 1, word freq: 4
    Word positions: [1, 2, 3, 4]
, DocId: 2, word freq: 2
    Word positions: [5, 6]
]</td></tr></table><p class="totop"><a href="#summary">back to summary</a></p>
<h3 id="m43">hust.cs.javacourse.search.index.PostingListTest#testTestRemove</h3><table class="result"><tr class="param"><th>Parameter #1</th><th>Parameter #2</th></tr><tr class="param stripe"><td>[]</td><td>[DocId: 1, word freq: 4
    Word positions: [1, 2, 3, 4]
, DocId: 2, word freq: 2
    Word positions: [5, 6]
]</td></tr></table><p class="totop"><a href="#summary">back to summary</a></p>
<h3 id="m44">hust.cs.javacourse.search.index.PostingListTest#testTestToString</h3><table class="result"><tr class="param"><th>Parameter #1</th><th>Parameter #2</th></tr><tr class="param stripe"><td>[DocId: 1, word freq: 4
    Word positions: [1, 2, 3, 4]
, DocId: 2, word freq: 2
    Word positions: [5, 6]
]</td><td>[DocId: 1, word freq: 4
    Word positions: [1, 2, 3, 4]
, DocId: 2, word freq: 2
    Word positions: [5, 6]
]</td></tr></table><p class="totop"><a href="#summary">back to summary</a></p>
<h3 id="m45">hust.cs.javacourse.search.index.PostingListTest#testWriteObject</h3><table class="result"><tr class="param"><th>Parameter #1</th><th>Parameter #2</th></tr><tr class="param stripe"><td>[DocId: 1, word freq: 4
    Word positions: [1, 2, 3, 4]
, DocId: 2, word freq: 2
    Word positions: [5, 6]
]</td><td>/home/charswool/daily/java_course/lab/Java%e6%96%b0%e5%ae%9e%e9%aa%8c%e4%b8%80/test/Experiment1Test/test/config/..//ser/PostingList.dat</td></tr></table><p class="totop"><a href="#summary">back to summary</a></p>
<h2>D:/IdeaWorkspace/SeachEngine/test/hust/cs/javacourse/search/index/DocumentTest.java</h2><h3 id="m46">hust.cs.javacourse.search.index.DocumentTest#testAddTuple</h3><table class="result"><tr class="param"><th>Parameter #1</th><th>Parameter #2</th></tr><tr class="param stripe"><td>Document{docId=1, docPath=&apos;C:/1.txt, tuples=[aaa 1 17]}</td><td>aaa 1 17</td></tr></table><p class="totop"><a href="#summary">back to summary</a></p>
<h3 id="m47">hust.cs.javacourse.search.index.DocumentTest#testContains</h3><table class="result"><tr class="param"><th>Parameter #1</th><th>Parameter #2</th></tr><tr class="param stripe"><td>Document{docId=1, docPath=&apos;C:/1.txt, tuples=[aaa 1 17, bbb 1 30]}</td><td>bbb 1 30</td></tr></table><p class="totop"><a href="#summary">back to summary</a></p>
<h3 id="m48">hust.cs.javacourse.search.index.DocumentTest#testContains</h3><table class="result"><tr class="param"><th>Parameter #1</th><th>Parameter #2</th></tr><tr class="param stripe"><td>Document{docId=1, docPath=&apos;C:/1.txt, tuples=[aaa 1 17, bbb 1 30]}</td><td>aaa 1 17</td></tr></table><p class="totop"><a href="#summary">back to summary</a></p>
<h3 id="m49">hust.cs.javacourse.search.index.DocumentTest#testGetDocId</h3><table class="result"><tr class="param"><th>Parameter #1</th><th>Parameter #2</th></tr><tr class="param stripe"><td>Document{docId=1, docPath=&apos;C:/1.txt, tuples=[aaa 1 17]}</td><td>1</td></tr></table><p class="totop"><a href="#summary">back to summary</a></p>
<h3 id="m50">hust.cs.javacourse.search.index.DocumentTest#testGetDocPath</h3><table class="result"><tr class="param"><th>Parameter #1</th><th>Parameter #2</th></tr><tr class="param stripe"><td>Document{docId=1, docPath=&apos;C:/1.txt, tuples=[aaa 1 17]}</td><td>C:/1.txt</td></tr></table><p class="totop"><a href="#summary">back to summary</a></p>
<h3 id="m51">hust.cs.javacourse.search.index.DocumentTest#testGetTuple</h3><table class="result"><tr class="param"><th>Parameter #1</th><th>Parameter #2</th></tr><tr class="param stripe"><td>Document{docId=1, docPath=&apos;C:/1.txt, tuples=[aaa 1 17, bbb 1 30]}</td><td>[aaa 1 17, bbb 1 30]</td></tr></table><p class="totop"><a href="#summary">back to summary</a></p>
<h3 id="m52">hust.cs.javacourse.search.index.DocumentTest#testGetTupleSize</h3><table class="result"><tr class="param"><th>Parameter #1</th><th>Parameter #2</th></tr><tr class="param stripe"><td>Document{docId=1, docPath=&apos;C:/1.txt, tuples=[]}</td><td>0</td></tr></table><p class="totop"><a href="#summary">back to summary</a></p>
<h3 id="m53">hust.cs.javacourse.search.index.DocumentTest#testGetTupleSize</h3><table class="result"><tr class="param"><th>Parameter #1</th><th>Parameter #2</th></tr><tr class="param stripe"><td>Document{docId=1, docPath=&apos;C:/1.txt, tuples=[aaa 1 17, bbb 1 30]}</td><td>2</td></tr></table><p class="totop"><a href="#summary">back to summary</a></p>
<h3 id="m54">hust.cs.javacourse.search.index.DocumentTest#testGetTuples</h3><table class="result"><tr class="param"><th>Parameter #1</th><th>Parameter #2</th></tr><tr class="param stripe"><td>Document{docId=1, docPath=&apos;C:/1.txt, tuples=[aaa 1 17, bbb 1 30]}</td><td>[aaa 1 17, bbb 1 30]</td></tr></table><p class="totop"><a href="#summary">back to summary</a></p>
<h3 id="m55">hust.cs.javacourse.search.index.DocumentTest#testSetDocId</h3><table class="result"><tr class="param"><th>Parameter #1</th><th>Parameter #2</th></tr><tr class="param stripe"><td>Document{docId=2, docPath=&apos;null, tuples=[]}</td><td>2</td></tr></table><p class="totop"><a href="#summary">back to summary</a></p>
<h3 id="m56">hust.cs.javacourse.search.index.DocumentTest#testSetDocPath</h3><table class="result"><tr class="param"><th>Parameter #1</th><th>Parameter #2</th></tr><tr class="param stripe"><td>Document{docId=0, docPath=&apos;C:/2.txt, tuples=[]}</td><td>C:/2.txt</td></tr></table><p class="totop"><a href="#summary">back to summary</a></p>
<h3 id="m57">hust.cs.javacourse.search.index.DocumentTest#testTestToString</h3><table class="result"><tr class="param"><th>Parameter #1</th><th>Parameter #2</th></tr><tr class="param stripe"><td>Document{docId=1, docPath=&apos;C:/1.txt, tuples=[aaa 1 17, bbb 1 30]}</td><td>[1, C:/1.txt, aaa 1 17, bbb 1 30]</td></tr></table><p class="totop"><a href="#summary">back to summary</a></p>
<h2>D:/IdeaWorkspace/SeachEngine/test/hust/cs/javacourse/search/parse/TermTupleScannerTest.java</h2><h3 id="m58">hust.cs.javacourse.search.parse.TermTupleScannerTest#testNext</h3><table class="result"><tr><th>Exception</th></tr><tr><td><div class="stacktrace">java.lang.RuntimeException: java.lang.NullPointerException: Cannot invoke &quot;java.lang.CharSequence.length()&quot; because &quot;this.text&quot; is null
	at org.testng.internal.MethodInvocationHelper.invokeMethodNoCheckedException(MethodInvocationHelper.java:49)
	at org.testng.internal.MethodInvocationHelper.invokeDataProvider(MethodInvocationHelper.java:131)
	at org.testng.internal.Parameters.handleParameters(Parameters.java:706)
	at org.testng.internal.ParameterHandler.handleParameters(ParameterHandler.java:49)
	at org.testng.internal.ParameterHandler.createParameters(ParameterHandler.java:37)
	at org.testng.internal.Invoker.invokeTestMethods(Invoker.java:924)
	at org.testng.internal.TestMethodWorker.invokeTestMethods(TestMethodWorker.java:125)
	at org.testng.internal.TestMethodWorker.run(TestMethodWorker.java:109)
	at org.testng.TestRunner.privateRun(TestRunner.java:648)
	at org.testng.TestRunner.run(TestRunner.java:505)
	at org.testng.SuiteRunner.runTest(SuiteRunner.java:455)
	at org.testng.SuiteRunner.runSequentially(SuiteRunner.java:450)
	at org.testng.SuiteRunner.privateRun(SuiteRunner.java:415)
	at org.testng.SuiteRunner.run(SuiteRunner.java:364)
	at org.testng.SuiteRunnerWorker.runSuite(SuiteRunnerWorker.java:52)
	at org.testng.SuiteRunnerWorker.run(SuiteRunnerWorker.java:84)
	at org.testng.TestNG.runSuitesSequentially(TestNG.java:1208)
	at org.testng.TestNG.runSuitesLocally(TestNG.java:1137)
	at org.testng.TestNG.runSuites(TestNG.java:1049)
	at org.testng.TestNG.run(TestNG.java:1017)
	at org.testng.TestNG.privateMain(TestNG.java:1354)
	at org.testng.TestNG.main(TestNG.java:1323)
Caused by: java.lang.NullPointerException: Cannot invoke &quot;java.lang.CharSequence.length()&quot; because &quot;this.text&quot; is null
	at java.base/java.util.regex.Matcher.getTextLength(Matcher.java:1806)
	at java.base/java.util.regex.Matcher.reset(Matcher.java:459)
	at java.base/java.util.regex.Matcher.&lt;init&gt;(Matcher.java:255)
	at java.base/java.util.regex.Pattern.matcher(Pattern.java:1180)
	at util.StringSplitter.splitByRegex(StringSplitter.java:35)
	at hust.cs.javacourse.search.parse.TermTupleScanFilterTestCase.parse(TermTupleScanFilterTestCase.java:55)
	at hust.cs.javacourse.search.parse.TermTupleScanFilterTestCase.parseFile(TermTupleScanFilterTestCase.java:92)
	at hust.cs.javacourse.search.parse.TermTupleScannerTestDataProvider.testTermTupleScanner(TermTupleScannerTestDataProvider.java:38)
	at java.base/jdk.internal.reflect.DirectMethodHandleAccessor.invoke(DirectMethodHandleAccessor.java:103)
	at java.base/java.lang.reflect.Method.invoke(Method.java:580)
	at org.testng.internal.MethodInvocationHelper.invokeMethod(MethodInvocationHelper.java:124)
	at org.testng.internal.MethodInvocationHelper.invokeMethod(MethodInvocationHelper.java:74)
	at org.testng.internal.MethodInvocationHelper.invokeMethodNoCheckedException(MethodInvocationHelper.java:45)
	... 21 more
</div></td></tr></table><p class="totop"><a href="#summary">back to summary</a></p>
<h2>D:/IdeaWorkspace/SeachEngine/test/hust/cs/javacourse/search/parse/StopWordTermTupleFilterTest.java</h2><h3 id="m59">hust.cs.javacourse.search.parse.StopWordTermTupleFilterTest#testNext</h3><table class="result"><tr><th>Exception</th></tr><tr><td><div class="stacktrace">java.lang.RuntimeException: java.lang.NullPointerException: Cannot invoke &quot;java.lang.CharSequence.length()&quot; because &quot;this.text&quot; is null
	at org.testng.internal.MethodInvocationHelper.invokeMethodNoCheckedException(MethodInvocationHelper.java:49)
	at org.testng.internal.MethodInvocationHelper.invokeDataProvider(MethodInvocationHelper.java:131)
	at org.testng.internal.Parameters.handleParameters(Parameters.java:706)
	at org.testng.internal.ParameterHandler.handleParameters(ParameterHandler.java:49)
	at org.testng.internal.ParameterHandler.createParameters(ParameterHandler.java:37)
	at org.testng.internal.Invoker.invokeTestMethods(Invoker.java:924)
	at org.testng.internal.TestMethodWorker.invokeTestMethods(TestMethodWorker.java:125)
	at org.testng.internal.TestMethodWorker.run(TestMethodWorker.java:109)
	at org.testng.TestRunner.privateRun(TestRunner.java:648)
	at org.testng.TestRunner.run(TestRunner.java:505)
	at org.testng.SuiteRunner.runTest(SuiteRunner.java:455)
	at org.testng.SuiteRunner.runSequentially(SuiteRunner.java:450)
	at org.testng.SuiteRunner.privateRun(SuiteRunner.java:415)
	at org.testng.SuiteRunner.run(SuiteRunner.java:364)
	at org.testng.SuiteRunnerWorker.runSuite(SuiteRunnerWorker.java:52)
	at org.testng.SuiteRunnerWorker.run(SuiteRunnerWorker.java:84)
	at org.testng.TestNG.runSuitesSequentially(TestNG.java:1208)
	at org.testng.TestNG.runSuitesLocally(TestNG.java:1137)
	at org.testng.TestNG.runSuites(TestNG.java:1049)
	at org.testng.TestNG.run(TestNG.java:1017)
	at org.testng.TestNG.privateMain(TestNG.java:1354)
	at org.testng.TestNG.main(TestNG.java:1323)
Caused by: java.lang.NullPointerException: Cannot invoke &quot;java.lang.CharSequence.length()&quot; because &quot;this.text&quot; is null
	at java.base/java.util.regex.Matcher.getTextLength(Matcher.java:1806)
	at java.base/java.util.regex.Matcher.reset(Matcher.java:459)
	at java.base/java.util.regex.Matcher.&lt;init&gt;(Matcher.java:255)
	at java.base/java.util.regex.Pattern.matcher(Pattern.java:1180)
	at util.StringSplitter.splitByRegex(StringSplitter.java:35)
	at hust.cs.javacourse.search.parse.TermTupleScanFilterTestCase.parse(TermTupleScanFilterTestCase.java:66)
	at hust.cs.javacourse.search.parse.TermTupleScanFilterTestCase.parseFile(TermTupleScanFilterTestCase.java:97)
	at hust.cs.javacourse.search.parse.StopWordTermTupleFilterTestDataProvider.testStopWordTermTupleFilter(StopWordTermTupleFilterTestDataProvider.java:40)
	at java.base/jdk.internal.reflect.DirectMethodHandleAccessor.invoke(DirectMethodHandleAccessor.java:103)
	at java.base/java.lang.reflect.Method.invoke(Method.java:580)
	at org.testng.internal.MethodInvocationHelper.invokeMethod(MethodInvocationHelper.java:124)
	at org.testng.internal.MethodInvocationHelper.invokeMethod(MethodInvocationHelper.java:74)
	at org.testng.internal.MethodInvocationHelper.invokeMethodNoCheckedException(MethodInvocationHelper.java:45)
	... 21 more
</div></td></tr></table><p class="totop"><a href="#summary">back to summary</a></p>
<h2>D:/IdeaWorkspace/SeachEngine/test/hust/cs/javacourse/search/parse/PatternTermTupleFilterTest.java</h2><h3 id="m60">hust.cs.javacourse.search.parse.PatternTermTupleFilterTest#testNext</h3><table class="result"><tr><th>Exception</th></tr><tr><td><div class="stacktrace">java.lang.RuntimeException: java.lang.NullPointerException: Cannot invoke &quot;java.lang.CharSequence.length()&quot; because &quot;this.text&quot; is null
	at org.testng.internal.MethodInvocationHelper.invokeMethodNoCheckedException(MethodInvocationHelper.java:49)
	at org.testng.internal.MethodInvocationHelper.invokeDataProvider(MethodInvocationHelper.java:131)
	at org.testng.internal.Parameters.handleParameters(Parameters.java:706)
	at org.testng.internal.ParameterHandler.handleParameters(ParameterHandler.java:49)
	at org.testng.internal.ParameterHandler.createParameters(ParameterHandler.java:37)
	at org.testng.internal.Invoker.invokeTestMethods(Invoker.java:924)
	at org.testng.internal.TestMethodWorker.invokeTestMethods(TestMethodWorker.java:125)
	at org.testng.internal.TestMethodWorker.run(TestMethodWorker.java:109)
	at org.testng.TestRunner.privateRun(TestRunner.java:648)
	at org.testng.TestRunner.run(TestRunner.java:505)
	at org.testng.SuiteRunner.runTest(SuiteRunner.java:455)
	at org.testng.SuiteRunner.runSequentially(SuiteRunner.java:450)
	at org.testng.SuiteRunner.privateRun(SuiteRunner.java:415)
	at org.testng.SuiteRunner.run(SuiteRunner.java:364)
	at org.testng.SuiteRunnerWorker.runSuite(SuiteRunnerWorker.java:52)
	at org.testng.SuiteRunnerWorker.run(SuiteRunnerWorker.java:84)
	at org.testng.TestNG.runSuitesSequentially(TestNG.java:1208)
	at org.testng.TestNG.runSuitesLocally(TestNG.java:1137)
	at org.testng.TestNG.runSuites(TestNG.java:1049)
	at org.testng.TestNG.run(TestNG.java:1017)
	at org.testng.TestNG.privateMain(TestNG.java:1354)
	at org.testng.TestNG.main(TestNG.java:1323)
Caused by: java.lang.NullPointerException: Cannot invoke &quot;java.lang.CharSequence.length()&quot; because &quot;this.text&quot; is null
	at java.base/java.util.regex.Matcher.getTextLength(Matcher.java:1806)
	at java.base/java.util.regex.Matcher.reset(Matcher.java:459)
	at java.base/java.util.regex.Matcher.&lt;init&gt;(Matcher.java:255)
	at java.base/java.util.regex.Pattern.matcher(Pattern.java:1180)
	at util.StringSplitter.splitByRegex(StringSplitter.java:35)
	at hust.cs.javacourse.search.parse.TermTupleScanFilterTestCase.parse(TermTupleScanFilterTestCase.java:66)
	at hust.cs.javacourse.search.parse.TermTupleScanFilterTestCase.parseFile(TermTupleScanFilterTestCase.java:97)
	at hust.cs.javacourse.search.parse.PatternTermTupleFilterTestDataProvider.testPatternTermTupleFilter(PatternTermTupleFilterTestDataProvider.java:31)
	at java.base/jdk.internal.reflect.DirectMethodHandleAccessor.invoke(DirectMethodHandleAccessor.java:103)
	at java.base/java.lang.reflect.Method.invoke(Method.java:580)
	at org.testng.internal.MethodInvocationHelper.invokeMethod(MethodInvocationHelper.java:124)
	at org.testng.internal.MethodInvocationHelper.invokeMethod(MethodInvocationHelper.java:74)
	at org.testng.internal.MethodInvocationHelper.invokeMethodNoCheckedException(MethodInvocationHelper.java:45)
	... 21 more
</div></td></tr></table><p class="totop"><a href="#summary">back to summary</a></p>
<h2>D:/IdeaWorkspace/SeachEngine/test/hust/cs/javacourse/search/parse/LengthTermTupleFilterTest.java</h2><h3 id="m61">hust.cs.javacourse.search.parse.LengthTermTupleFilterTest#testNext</h3><table class="result"><tr><th>Exception</th></tr><tr><td><div class="stacktrace">java.lang.RuntimeException: java.lang.NullPointerException: Cannot invoke &quot;java.lang.CharSequence.length()&quot; because &quot;this.text&quot; is null
	at org.testng.internal.MethodInvocationHelper.invokeMethodNoCheckedException(MethodInvocationHelper.java:49)
	at org.testng.internal.MethodInvocationHelper.invokeDataProvider(MethodInvocationHelper.java:131)
	at org.testng.internal.Parameters.handleParameters(Parameters.java:706)
	at org.testng.internal.ParameterHandler.handleParameters(ParameterHandler.java:49)
	at org.testng.internal.ParameterHandler.createParameters(ParameterHandler.java:37)
	at org.testng.internal.Invoker.invokeTestMethods(Invoker.java:924)
	at org.testng.internal.TestMethodWorker.invokeTestMethods(TestMethodWorker.java:125)
	at org.testng.internal.TestMethodWorker.run(TestMethodWorker.java:109)
	at org.testng.TestRunner.privateRun(TestRunner.java:648)
	at org.testng.TestRunner.run(TestRunner.java:505)
	at org.testng.SuiteRunner.runTest(SuiteRunner.java:455)
	at org.testng.SuiteRunner.runSequentially(SuiteRunner.java:450)
	at org.testng.SuiteRunner.privateRun(SuiteRunner.java:415)
	at org.testng.SuiteRunner.run(SuiteRunner.java:364)
	at org.testng.SuiteRunnerWorker.runSuite(SuiteRunnerWorker.java:52)
	at org.testng.SuiteRunnerWorker.run(SuiteRunnerWorker.java:84)
	at org.testng.TestNG.runSuitesSequentially(TestNG.java:1208)
	at org.testng.TestNG.runSuitesLocally(TestNG.java:1137)
	at org.testng.TestNG.runSuites(TestNG.java:1049)
	at org.testng.TestNG.run(TestNG.java:1017)
	at org.testng.TestNG.privateMain(TestNG.java:1354)
	at org.testng.TestNG.main(TestNG.java:1323)
Caused by: java.lang.NullPointerException: Cannot invoke &quot;java.lang.CharSequence.length()&quot; because &quot;this.text&quot; is null
	at java.base/java.util.regex.Matcher.getTextLength(Matcher.java:1806)
	at java.base/java.util.regex.Matcher.reset(Matcher.java:459)
	at java.base/java.util.regex.Matcher.&lt;init&gt;(Matcher.java:255)
	at java.base/java.util.regex.Pattern.matcher(Pattern.java:1180)
	at util.StringSplitter.splitByRegex(StringSplitter.java:35)
	at hust.cs.javacourse.search.parse.TermTupleScanFilterTestCase.parse(TermTupleScanFilterTestCase.java:66)
	at hust.cs.javacourse.search.parse.TermTupleScanFilterTestCase.parseFile(TermTupleScanFilterTestCase.java:97)
	at hust.cs.javacourse.search.parse.LengthTermTupleFilterTestDataProvider.testLengthTermTupleFilter(LengthTermTupleFilterTestDataProvider.java:32)
	at java.base/jdk.internal.reflect.DirectMethodHandleAccessor.invoke(DirectMethodHandleAccessor.java:103)
	at java.base/java.lang.reflect.Method.invoke(Method.java:580)
	at org.testng.internal.MethodInvocationHelper.invokeMethod(MethodInvocationHelper.java:124)
	at org.testng.internal.MethodInvocationHelper.invokeMethod(MethodInvocationHelper.java:74)
	at org.testng.internal.MethodInvocationHelper.invokeMethodNoCheckedException(MethodInvocationHelper.java:45)
	... 21 more
</div></td></tr></table><p class="totop"><a href="#summary">back to summary</a></p>
<h2>D:/IdeaWorkspace/SeachEngine/test/hust/cs/javacourse/search/parse/ScannerFilterAllInOneTest.java</h2><h3 id="m62">hust.cs.javacourse.search.parse.ScannerFilterAllInOneTest#testNext</h3><table class="result"><tr><th>Exception</th></tr><tr><td><div class="stacktrace">java.lang.RuntimeException: java.lang.NullPointerException: Cannot invoke &quot;java.lang.CharSequence.length()&quot; because &quot;this.text&quot; is null
	at org.testng.internal.MethodInvocationHelper.invokeMethodNoCheckedException(MethodInvocationHelper.java:49)
	at org.testng.internal.MethodInvocationHelper.invokeDataProvider(MethodInvocationHelper.java:131)
	at org.testng.internal.Parameters.handleParameters(Parameters.java:706)
	at org.testng.internal.ParameterHandler.handleParameters(ParameterHandler.java:49)
	at org.testng.internal.ParameterHandler.createParameters(ParameterHandler.java:37)
	at org.testng.internal.Invoker.invokeTestMethods(Invoker.java:924)
	at org.testng.internal.TestMethodWorker.invokeTestMethods(TestMethodWorker.java:125)
	at org.testng.internal.TestMethodWorker.run(TestMethodWorker.java:109)
	at org.testng.TestRunner.privateRun(TestRunner.java:648)
	at org.testng.TestRunner.run(TestRunner.java:505)
	at org.testng.SuiteRunner.runTest(SuiteRunner.java:455)
	at org.testng.SuiteRunner.runSequentially(SuiteRunner.java:450)
	at org.testng.SuiteRunner.privateRun(SuiteRunner.java:415)
	at org.testng.SuiteRunner.run(SuiteRunner.java:364)
	at org.testng.SuiteRunnerWorker.runSuite(SuiteRunnerWorker.java:52)
	at org.testng.SuiteRunnerWorker.run(SuiteRunnerWorker.java:84)
	at org.testng.TestNG.runSuitesSequentially(TestNG.java:1208)
	at org.testng.TestNG.runSuitesLocally(TestNG.java:1137)
	at org.testng.TestNG.runSuites(TestNG.java:1049)
	at org.testng.TestNG.run(TestNG.java:1017)
	at org.testng.TestNG.privateMain(TestNG.java:1354)
	at org.testng.TestNG.main(TestNG.java:1323)
Caused by: java.lang.NullPointerException: Cannot invoke &quot;java.lang.CharSequence.length()&quot; because &quot;this.text&quot; is null
	at java.base/java.util.regex.Matcher.getTextLength(Matcher.java:1806)
	at java.base/java.util.regex.Matcher.reset(Matcher.java:459)
	at java.base/java.util.regex.Matcher.&lt;init&gt;(Matcher.java:255)
	at java.base/java.util.regex.Pattern.matcher(Pattern.java:1180)
	at util.StringSplitter.splitByRegex(StringSplitter.java:35)
	at hust.cs.javacourse.search.parse.TermTupleScanFilterTestCase.parse(TermTupleScanFilterTestCase.java:66)
	at hust.cs.javacourse.search.parse.TermTupleScanFilterTestCase.parseFile(TermTupleScanFilterTestCase.java:97)
	at hust.cs.javacourse.search.parse.ScannerFilterAllInOneTestDataProvider.testScannerFilterAllInOne(ScannerFilterAllInOneTestDataProvider.java:36)
	at java.base/jdk.internal.reflect.DirectMethodHandleAccessor.invoke(DirectMethodHandleAccessor.java:103)
	at java.base/java.lang.reflect.Method.invoke(Method.java:580)
	at org.testng.internal.MethodInvocationHelper.invokeMethod(MethodInvocationHelper.java:124)
	at org.testng.internal.MethodInvocationHelper.invokeMethod(MethodInvocationHelper.java:74)
	at org.testng.internal.MethodInvocationHelper.invokeMethodNoCheckedException(MethodInvocationHelper.java:45)
	... 21 more
</div></td></tr></table><p class="totop"><a href="#summary">back to summary</a></p>
<h2>D:/IdeaWorkspace/SeachEngine/test/hust/cs/javacourse/search/index/DocumentBuilderTest.java</h2><h3 id="m63">hust.cs.javacourse.search.index.DocumentBuilderTest#testBuild</h3><table class="result"><tr><th>Exception</th></tr><tr><td><div class="stacktrace">java.lang.RuntimeException: java.io.FileNotFoundException: /home/charswool/daily/java_course/lab/Java%e6%96%b0%e5%ae%9e%e9%aa%8c%e4%b8%80/test/Experiment1Test/test/config/../text/2.txt (No such file or directory)
	at org.testng.internal.MethodInvocationHelper.invokeMethodNoCheckedException(MethodInvocationHelper.java:49)
	at org.testng.internal.MethodInvocationHelper.invokeDataProvider(MethodInvocationHelper.java:131)
	at org.testng.internal.Parameters.handleParameters(Parameters.java:706)
	at org.testng.internal.ParameterHandler.handleParameters(ParameterHandler.java:49)
	at org.testng.internal.ParameterHandler.createParameters(ParameterHandler.java:37)
	at org.testng.internal.Invoker.invokeTestMethods(Invoker.java:924)
	at org.testng.internal.TestMethodWorker.invokeTestMethods(TestMethodWorker.java:125)
	at org.testng.internal.TestMethodWorker.run(TestMethodWorker.java:109)
	at org.testng.TestRunner.privateRun(TestRunner.java:648)
	at org.testng.TestRunner.run(TestRunner.java:505)
	at org.testng.SuiteRunner.runTest(SuiteRunner.java:455)
	at org.testng.SuiteRunner.runSequentially(SuiteRunner.java:450)
	at org.testng.SuiteRunner.privateRun(SuiteRunner.java:415)
	at org.testng.SuiteRunner.run(SuiteRunner.java:364)
	at org.testng.SuiteRunnerWorker.runSuite(SuiteRunnerWorker.java:52)
	at org.testng.SuiteRunnerWorker.run(SuiteRunnerWorker.java:84)
	at org.testng.TestNG.runSuitesSequentially(TestNG.java:1208)
	at org.testng.TestNG.runSuitesLocally(TestNG.java:1137)
	at org.testng.TestNG.runSuites(TestNG.java:1049)
	at org.testng.TestNG.run(TestNG.java:1017)
	at org.testng.TestNG.privateMain(TestNG.java:1354)
	at org.testng.TestNG.main(TestNG.java:1323)
Caused by: java.io.FileNotFoundException: /home/charswool/daily/java_course/lab/Java%e6%96%b0%e5%ae%9e%e9%aa%8c%e4%b8%80/test/Experiment1Test/test/config/../text/2.txt (No such file or directory)
	at java.base/java.io.FileInputStream.open0(Native Method)
	at java.base/java.io.FileInputStream.open(FileInputStream.java:213)
	at java.base/java.io.FileInputStream.&lt;init&gt;(FileInputStream.java:152)
	at hust.cs.javacourse.search.interceptor.DocumentBuilderInterceptor.intercept(DocumentBuilderInterceptor.java:36)
	at hust.cs.javacourse.search.index.impl.DocumentBuilder$$EnhancerByCGLIB$$923a1418.build(&lt;generated&gt;)
	at hust.cs.javacourse.search.index.impl.DocumentBuilder.build(DocumentBuilder.java:36)
	at hust.cs.javacourse.search.index.DocumentBuilderTestCase.buildTestDocumentWithInterceptor(DocumentBuilderTestCase.java:162)
	at hust.cs.javacourse.search.index.DocumentBuilderTestDataProvider.testDocumentBuilder(DocumentBuilderTestDataProvider.java:55)
	at java.base/jdk.internal.reflect.DirectMethodHandleAccessor.invoke(DirectMethodHandleAccessor.java:103)
	at java.base/java.lang.reflect.Method.invoke(Method.java:580)
	at org.testng.internal.MethodInvocationHelper.invokeMethod(MethodInvocationHelper.java:124)
	at org.testng.internal.MethodInvocationHelper.invokeMethod(MethodInvocationHelper.java:74)
	at org.testng.internal.MethodInvocationHelper.invokeMethodNoCheckedException(MethodInvocationHelper.java:45)
	... 21 more
</div></td></tr></table><p class="totop"><a href="#summary">back to summary</a></p>
<h3 id="m64">hust.cs.javacourse.search.index.DocumentBuilderTest#testTestBuild</h3><table class="result"><tr><th>Exception</th></tr><tr><td><div class="stacktrace">java.lang.RuntimeException: java.io.FileNotFoundException: /home/charswool/daily/java_course/lab/Java%e6%96%b0%e5%ae%9e%e9%aa%8c%e4%b8%80/test/Experiment1Test/test/config/../text/2.txt (No such file or directory)
	at org.testng.internal.MethodInvocationHelper.invokeMethodNoCheckedException(MethodInvocationHelper.java:49)
	at org.testng.internal.MethodInvocationHelper.invokeDataProvider(MethodInvocationHelper.java:131)
	at org.testng.internal.Parameters.handleParameters(Parameters.java:706)
	at org.testng.internal.ParameterHandler.handleParameters(ParameterHandler.java:49)
	at org.testng.internal.ParameterHandler.createParameters(ParameterHandler.java:37)
	at org.testng.internal.Invoker.invokeTestMethods(Invoker.java:924)
	at org.testng.internal.TestMethodWorker.invokeTestMethods(TestMethodWorker.java:125)
	at org.testng.internal.TestMethodWorker.run(TestMethodWorker.java:109)
	at org.testng.TestRunner.privateRun(TestRunner.java:648)
	at org.testng.TestRunner.run(TestRunner.java:505)
	at org.testng.SuiteRunner.runTest(SuiteRunner.java:455)
	at org.testng.SuiteRunner.runSequentially(SuiteRunner.java:450)
	at org.testng.SuiteRunner.privateRun(SuiteRunner.java:415)
	at org.testng.SuiteRunner.run(SuiteRunner.java:364)
	at org.testng.SuiteRunnerWorker.runSuite(SuiteRunnerWorker.java:52)
	at org.testng.SuiteRunnerWorker.run(SuiteRunnerWorker.java:84)
	at org.testng.TestNG.runSuitesSequentially(TestNG.java:1208)
	at org.testng.TestNG.runSuitesLocally(TestNG.java:1137)
	at org.testng.TestNG.runSuites(TestNG.java:1049)
	at org.testng.TestNG.run(TestNG.java:1017)
	at org.testng.TestNG.privateMain(TestNG.java:1354)
	at org.testng.TestNG.main(TestNG.java:1323)
Caused by: java.io.FileNotFoundException: /home/charswool/daily/java_course/lab/Java%e6%96%b0%e5%ae%9e%e9%aa%8c%e4%b8%80/test/Experiment1Test/test/config/../text/2.txt (No such file or directory)
	at java.base/java.io.FileInputStream.open0(Native Method)
	at java.base/java.io.FileInputStream.open(FileInputStream.java:213)
	at java.base/java.io.FileInputStream.&lt;init&gt;(FileInputStream.java:152)
	at hust.cs.javacourse.search.interceptor.DocumentBuilderInterceptor.intercept(DocumentBuilderInterceptor.java:36)
	at hust.cs.javacourse.search.index.impl.DocumentBuilder$$EnhancerByCGLIB$$69ec65c.build(&lt;generated&gt;)
	at hust.cs.javacourse.search.index.impl.DocumentBuilder.build(DocumentBuilder.java:36)
	at hust.cs.javacourse.search.index.DocumentBuilderTestCase.buildTestDocumentWithInterceptor(DocumentBuilderTestCase.java:162)
	at hust.cs.javacourse.search.index.DocumentBuilderTestDataProvider.testDocumentBuilder(DocumentBuilderTestDataProvider.java:55)
	at java.base/jdk.internal.reflect.DirectMethodHandleAccessor.invoke(DirectMethodHandleAccessor.java:103)
	at java.base/java.lang.reflect.Method.invoke(Method.java:580)
	at org.testng.internal.MethodInvocationHelper.invokeMethod(MethodInvocationHelper.java:124)
	at org.testng.internal.MethodInvocationHelper.invokeMethod(MethodInvocationHelper.java:74)
	at org.testng.internal.MethodInvocationHelper.invokeMethodNoCheckedException(MethodInvocationHelper.java:45)
	... 21 more
</div></td></tr></table><p class="totop"><a href="#summary">back to summary</a></p>
<h2>D:/IdeaWorkspace/SeachEngine/test/hust/cs/javacourse/search/index/IndexTest.java</h2><h3 id="m65">hust.cs.javacourse.search.index.IndexTest#testGetDocName</h3><table class="result"><tr class="param"><th>Parameter #1</th><th>Parameter #2</th></tr><tr class="param stripe"><td>null</td><td>[1.txt, 2.txt, 3.txt]</td></tr><tr><th colspan="2">Exception</th></tr><tr><td colspan="2"><div class="stacktrace">java.lang.NullPointerException: Cannot read field &quot;docIdToDocPathMapping&quot; because &quot;index&quot; is null
	at hust.cs.javacourse.search.index.IndexTest.testGetDocName(IndexTest.java:105)
	at java.base/jdk.internal.reflect.DirectMethodHandleAccessor.invoke(DirectMethodHandleAccessor.java:103)
	at java.base/java.lang.reflect.Method.invoke(Method.java:580)
	at org.testng.internal.MethodInvocationHelper.invokeMethod(MethodInvocationHelper.java:124)
	at org.testng.internal.Invoker.invokeMethod(Invoker.java:583)
	at org.testng.internal.Invoker.invokeTestMethod(Invoker.java:719)
	at org.testng.internal.Invoker.invokeTestMethods(Invoker.java:989)
	at org.testng.internal.TestMethodWorker.invokeTestMethods(TestMethodWorker.java:125)
	at org.testng.internal.TestMethodWorker.run(TestMethodWorker.java:109)
	at org.testng.TestRunner.privateRun(TestRunner.java:648)
	at org.testng.TestRunner.run(TestRunner.java:505)
	at org.testng.SuiteRunner.runTest(SuiteRunner.java:455)
	at org.testng.SuiteRunner.runSequentially(SuiteRunner.java:450)
	at org.testng.SuiteRunner.privateRun(SuiteRunner.java:415)
	at org.testng.SuiteRunner.run(SuiteRunner.java:364)
	at org.testng.SuiteRunnerWorker.runSuite(SuiteRunnerWorker.java:52)
	at org.testng.SuiteRunnerWorker.run(SuiteRunnerWorker.java:84)
	at org.testng.TestNG.runSuitesSequentially(TestNG.java:1208)
	at org.testng.TestNG.runSuitesLocally(TestNG.java:1137)
	at org.testng.TestNG.runSuites(TestNG.java:1049)
	at org.testng.TestNG.run(TestNG.java:1017)
	at org.testng.TestNG.privateMain(TestNG.java:1354)
	at org.testng.TestNG.main(TestNG.java:1323)
</div></td></tr></table><p class="totop"><a href="#summary">back to summary</a></p>
<h3 id="m66">hust.cs.javacourse.search.index.IndexTest#testLoad</h3><table class="result"><tr class="param"><th>Parameter #1</th><th>Parameter #2</th></tr><tr class="param stripe"><td>null</td><td>/home/charswool/daily/java_course/lab/Java%e6%96%b0%e5%ae%9e%e9%aa%8c%e4%b8%80/test/Experiment1Test/test/config/..//index/index_1_2_3_txt.dat</td></tr><tr><th colspan="2">Exception</th></tr><tr><td colspan="2"><div class="stacktrace">java.lang.NullPointerException: Cannot invoke &quot;hust.cs.javacourse.search.index.AbstractIndex.save(java.io.File)&quot; because &quot;index&quot; is null
	at hust.cs.javacourse.search.index.IndexTest.testLoad(IndexTest.java:39)
	at java.base/jdk.internal.reflect.DirectMethodHandleAccessor.invoke(DirectMethodHandleAccessor.java:103)
	at java.base/java.lang.reflect.Method.invoke(Method.java:580)
	at org.testng.internal.MethodInvocationHelper.invokeMethod(MethodInvocationHelper.java:124)
	at org.testng.internal.Invoker.invokeMethod(Invoker.java:583)
	at org.testng.internal.Invoker.invokeTestMethod(Invoker.java:719)
	at org.testng.internal.Invoker.invokeTestMethods(Invoker.java:989)
	at org.testng.internal.TestMethodWorker.invokeTestMethods(TestMethodWorker.java:125)
	at org.testng.internal.TestMethodWorker.run(TestMethodWorker.java:109)
	at org.testng.TestRunner.privateRun(TestRunner.java:648)
	at org.testng.TestRunner.run(TestRunner.java:505)
	at org.testng.SuiteRunner.runTest(SuiteRunner.java:455)
	at org.testng.SuiteRunner.runSequentially(SuiteRunner.java:450)
	at org.testng.SuiteRunner.privateRun(SuiteRunner.java:415)
	at org.testng.SuiteRunner.run(SuiteRunner.java:364)
	at org.testng.SuiteRunnerWorker.runSuite(SuiteRunnerWorker.java:52)
	at org.testng.SuiteRunnerWorker.run(SuiteRunnerWorker.java:84)
	at org.testng.TestNG.runSuitesSequentially(TestNG.java:1208)
	at org.testng.TestNG.runSuitesLocally(TestNG.java:1137)
	at org.testng.TestNG.runSuites(TestNG.java:1049)
	at org.testng.TestNG.run(TestNG.java:1017)
	at org.testng.TestNG.privateMain(TestNG.java:1354)
	at org.testng.TestNG.main(TestNG.java:1323)
</div></td></tr></table><p class="totop"><a href="#summary">back to summary</a></p>
<h3 id="m67">hust.cs.javacourse.search.index.IndexTest#testOptimize</h3><table class="result"><tr class="param"><th>Parameter #1</th><th>Parameter #2</th></tr><tr class="param stripe"><td>null</td><td>null</td></tr><tr><th colspan="2">Exception</th></tr><tr><td colspan="2"><div class="stacktrace">java.lang.NullPointerException: Cannot invoke &quot;hust.cs.javacourse.search.index.AbstractIndex.optimize()&quot; because &quot;toOptimizeIndex&quot; is null
	at hust.cs.javacourse.search.index.IndexTest.testOptimize(IndexTest.java:99)
	at java.base/jdk.internal.reflect.DirectMethodHandleAccessor.invoke(DirectMethodHandleAccessor.java:103)
	at java.base/java.lang.reflect.Method.invoke(Method.java:580)
	at org.testng.internal.MethodInvocationHelper.invokeMethod(MethodInvocationHelper.java:124)
	at org.testng.internal.Invoker.invokeMethod(Invoker.java:583)
	at org.testng.internal.Invoker.invokeTestMethod(Invoker.java:719)
	at org.testng.internal.Invoker.invokeTestMethods(Invoker.java:989)
	at org.testng.internal.TestMethodWorker.invokeTestMethods(TestMethodWorker.java:125)
	at org.testng.internal.TestMethodWorker.run(TestMethodWorker.java:109)
	at org.testng.TestRunner.privateRun(TestRunner.java:648)
	at org.testng.TestRunner.run(TestRunner.java:505)
	at org.testng.SuiteRunner.runTest(SuiteRunner.java:455)
	at org.testng.SuiteRunner.runSequentially(SuiteRunner.java:450)
	at org.testng.SuiteRunner.privateRun(SuiteRunner.java:415)
	at org.testng.SuiteRunner.run(SuiteRunner.java:364)
	at org.testng.SuiteRunnerWorker.runSuite(SuiteRunnerWorker.java:52)
	at org.testng.SuiteRunnerWorker.run(SuiteRunnerWorker.java:84)
	at org.testng.TestNG.runSuitesSequentially(TestNG.java:1208)
	at org.testng.TestNG.runSuitesLocally(TestNG.java:1137)
	at org.testng.TestNG.runSuites(TestNG.java:1049)
	at org.testng.TestNG.run(TestNG.java:1017)
	at org.testng.TestNG.privateMain(TestNG.java:1354)
	at org.testng.TestNG.main(TestNG.java:1323)
</div></td></tr></table><p class="totop"><a href="#summary">back to summary</a></p>
<h3 id="m68">hust.cs.javacourse.search.index.IndexTest#testSave</h3><table class="result"><tr class="param"><th>Parameter #1</th><th>Parameter #2</th></tr><tr class="param stripe"><td>null</td><td>/home/charswool/daily/java_course/lab/Java%e6%96%b0%e5%ae%9e%e9%aa%8c%e4%b8%80/test/Experiment1Test/test/config/..//index/index_1_2_3_txt.dat</td></tr><tr><th colspan="2">Exception</th></tr><tr><td colspan="2"><div class="stacktrace">java.lang.NullPointerException: Cannot invoke &quot;hust.cs.javacourse.search.index.AbstractIndex.save(java.io.File)&quot; because &quot;index&quot; is null
	at hust.cs.javacourse.search.index.IndexTest.testSave(IndexTest.java:48)
	at java.base/jdk.internal.reflect.DirectMethodHandleAccessor.invoke(DirectMethodHandleAccessor.java:103)
	at java.base/java.lang.reflect.Method.invoke(Method.java:580)
	at org.testng.internal.MethodInvocationHelper.invokeMethod(MethodInvocationHelper.java:124)
	at org.testng.internal.Invoker.invokeMethod(Invoker.java:583)
	at org.testng.internal.Invoker.invokeTestMethod(Invoker.java:719)
	at org.testng.internal.Invoker.invokeTestMethods(Invoker.java:989)
	at org.testng.internal.TestMethodWorker.invokeTestMethods(TestMethodWorker.java:125)
	at org.testng.internal.TestMethodWorker.run(TestMethodWorker.java:109)
	at org.testng.TestRunner.privateRun(TestRunner.java:648)
	at org.testng.TestRunner.run(TestRunner.java:505)
	at org.testng.SuiteRunner.runTest(SuiteRunner.java:455)
	at org.testng.SuiteRunner.runSequentially(SuiteRunner.java:450)
	at org.testng.SuiteRunner.privateRun(SuiteRunner.java:415)
	at org.testng.SuiteRunner.run(SuiteRunner.java:364)
	at org.testng.SuiteRunnerWorker.runSuite(SuiteRunnerWorker.java:52)
	at org.testng.SuiteRunnerWorker.run(SuiteRunnerWorker.java:84)
	at org.testng.TestNG.runSuitesSequentially(TestNG.java:1208)
	at org.testng.TestNG.runSuitesLocally(TestNG.java:1137)
	at org.testng.TestNG.runSuites(TestNG.java:1049)
	at org.testng.TestNG.run(TestNG.java:1017)
	at org.testng.TestNG.privateMain(TestNG.java:1354)
	at org.testng.TestNG.main(TestNG.java:1323)
</div></td></tr></table><p class="totop"><a href="#summary">back to summary</a></p>
<h3 id="m69">hust.cs.javacourse.search.index.IndexTest#testSearch</h3><table class="result"><tr class="param"><th>Parameter #1</th><th>Parameter #2</th></tr><tr class="param stripe"><td>null</td><td>null</td></tr><tr><th colspan="2">Exception</th></tr><tr><td colspan="2"><div class="stacktrace">java.lang.NullPointerException: Cannot invoke &quot;hust.cs.javacourse.search.index.AbstractIndex.search(hust.cs.javacourse.search.index.AbstractTerm)&quot; because &quot;index&quot; is null
	at hust.cs.javacourse.search.index.IndexTest.testSearch(IndexTest.java:57)
	at java.base/jdk.internal.reflect.DirectMethodHandleAccessor.invoke(DirectMethodHandleAccessor.java:103)
	at java.base/java.lang.reflect.Method.invoke(Method.java:580)
	at org.testng.internal.MethodInvocationHelper.invokeMethod(MethodInvocationHelper.java:124)
	at org.testng.internal.Invoker.invokeMethod(Invoker.java:583)
	at org.testng.internal.Invoker.invokeTestMethod(Invoker.java:719)
	at org.testng.internal.Invoker.invokeTestMethods(Invoker.java:989)
	at org.testng.internal.TestMethodWorker.invokeTestMethods(TestMethodWorker.java:125)
	at org.testng.internal.TestMethodWorker.run(TestMethodWorker.java:109)
	at org.testng.TestRunner.privateRun(TestRunner.java:648)
	at org.testng.TestRunner.run(TestRunner.java:505)
	at org.testng.SuiteRunner.runTest(SuiteRunner.java:455)
	at org.testng.SuiteRunner.runSequentially(SuiteRunner.java:450)
	at org.testng.SuiteRunner.privateRun(SuiteRunner.java:415)
	at org.testng.SuiteRunner.run(SuiteRunner.java:364)
	at org.testng.SuiteRunnerWorker.runSuite(SuiteRunnerWorker.java:52)
	at org.testng.SuiteRunnerWorker.run(SuiteRunnerWorker.java:84)
	at org.testng.TestNG.runSuitesSequentially(TestNG.java:1208)
	at org.testng.TestNG.runSuitesLocally(TestNG.java:1137)
	at org.testng.TestNG.runSuites(TestNG.java:1049)
	at org.testng.TestNG.run(TestNG.java:1017)
	at org.testng.TestNG.privateMain(TestNG.java:1354)
	at org.testng.TestNG.main(TestNG.java:1323)
</div></td></tr></table><p class="totop"><a href="#summary">back to summary</a></p>
<h3 id="m70">hust.cs.javacourse.search.index.IndexTest#testAddDocument</h3><table class="result"><tr><th>Exception</th></tr><tr><td><div class="stacktrace">java.lang.RuntimeException: java.lang.NullPointerException: Cannot invoke &quot;hust.cs.javacourse.search.index.AbstractDocument.getDocId()&quot; because &quot;addedDoc&quot; is null
	at org.testng.internal.MethodInvocationHelper.invokeMethodNoCheckedException(MethodInvocationHelper.java:49)
	at org.testng.internal.MethodInvocationHelper.invokeDataProvider(MethodInvocationHelper.java:131)
	at org.testng.internal.Parameters.handleParameters(Parameters.java:706)
	at org.testng.internal.ParameterHandler.handleParameters(ParameterHandler.java:49)
	at org.testng.internal.ParameterHandler.createParameters(ParameterHandler.java:37)
	at org.testng.internal.Invoker.invokeTestMethods(Invoker.java:924)
	at org.testng.internal.TestMethodWorker.invokeTestMethods(TestMethodWorker.java:125)
	at org.testng.internal.TestMethodWorker.run(TestMethodWorker.java:109)
	at org.testng.TestRunner.privateRun(TestRunner.java:648)
	at org.testng.TestRunner.run(TestRunner.java:505)
	at org.testng.SuiteRunner.runTest(SuiteRunner.java:455)
	at org.testng.SuiteRunner.runSequentially(SuiteRunner.java:450)
	at org.testng.SuiteRunner.privateRun(SuiteRunner.java:415)
	at org.testng.SuiteRunner.run(SuiteRunner.java:364)
	at org.testng.SuiteRunnerWorker.runSuite(SuiteRunnerWorker.java:52)
	at org.testng.SuiteRunnerWorker.run(SuiteRunnerWorker.java:84)
	at org.testng.TestNG.runSuitesSequentially(TestNG.java:1208)
	at org.testng.TestNG.runSuitesLocally(TestNG.java:1137)
	at org.testng.TestNG.runSuites(TestNG.java:1049)
	at org.testng.TestNG.run(TestNG.java:1017)
	at org.testng.TestNG.privateMain(TestNG.java:1354)
	at org.testng.TestNG.main(TestNG.java:1323)
Caused by: java.lang.NullPointerException: Cannot invoke &quot;hust.cs.javacourse.search.index.AbstractDocument.getDocId()&quot; because &quot;addedDoc&quot; is null
	at hust.cs.javacourse.search.index.IndexTestCase.buildAddDocumentTestCase(IndexTestCase.java:99)
	at hust.cs.javacourse.search.index.IndexTestDataProvider.testIndex(IndexTestDataProvider.java:17)
	at java.base/jdk.internal.reflect.DirectMethodHandleAccessor.invoke(DirectMethodHandleAccessor.java:103)
	at java.base/java.lang.reflect.Method.invoke(Method.java:580)
	at org.testng.internal.MethodInvocationHelper.invokeMethod(MethodInvocationHelper.java:124)
	at org.testng.internal.MethodInvocationHelper.invokeMethod(MethodInvocationHelper.java:74)
	at org.testng.internal.MethodInvocationHelper.invokeMethodNoCheckedException(MethodInvocationHelper.java:45)
	... 21 more
</div></td></tr></table><p class="totop"><a href="#summary">back to summary</a></p>
<h3 id="m71">hust.cs.javacourse.search.index.IndexTest#testGetDictionary</h3><table class="result"><tr><th>Exception</th></tr><tr><td><div class="stacktrace">java.lang.RuntimeException: java.lang.NullPointerException: Cannot read field &quot;termToPostingListMapping&quot; because &quot;index&quot; is null
	at org.testng.internal.MethodInvocationHelper.invokeMethodNoCheckedException(MethodInvocationHelper.java:49)
	at org.testng.internal.MethodInvocationHelper.invokeDataProvider(MethodInvocationHelper.java:131)
	at org.testng.internal.Parameters.handleParameters(Parameters.java:706)
	at org.testng.internal.ParameterHandler.handleParameters(ParameterHandler.java:49)
	at org.testng.internal.ParameterHandler.createParameters(ParameterHandler.java:37)
	at org.testng.internal.Invoker.invokeTestMethods(Invoker.java:924)
	at org.testng.internal.TestMethodWorker.invokeTestMethods(TestMethodWorker.java:125)
	at org.testng.internal.TestMethodWorker.run(TestMethodWorker.java:109)
	at org.testng.TestRunner.privateRun(TestRunner.java:648)
	at org.testng.TestRunner.run(TestRunner.java:505)
	at org.testng.SuiteRunner.runTest(SuiteRunner.java:455)
	at org.testng.SuiteRunner.runSequentially(SuiteRunner.java:450)
	at org.testng.SuiteRunner.privateRun(SuiteRunner.java:415)
	at org.testng.SuiteRunner.run(SuiteRunner.java:364)
	at org.testng.SuiteRunnerWorker.runSuite(SuiteRunnerWorker.java:52)
	at org.testng.SuiteRunnerWorker.run(SuiteRunnerWorker.java:84)
	at org.testng.TestNG.runSuitesSequentially(TestNG.java:1208)
	at org.testng.TestNG.runSuitesLocally(TestNG.java:1137)
	at org.testng.TestNG.runSuites(TestNG.java:1049)
	at org.testng.TestNG.run(TestNG.java:1017)
	at org.testng.TestNG.privateMain(TestNG.java:1354)
	at org.testng.TestNG.main(TestNG.java:1323)
Caused by: java.lang.NullPointerException: Cannot read field &quot;termToPostingListMapping&quot; because &quot;index&quot; is null
	at hust.cs.javacourse.search.index.IndexTestCase.buildGetDictionaryTestCase(IndexTestCase.java:75)
	at hust.cs.javacourse.search.index.IndexTestDataProvider.testIndex(IndexTestDataProvider.java:29)
	at java.base/jdk.internal.reflect.DirectMethodHandleAccessor.invoke(DirectMethodHandleAccessor.java:103)
	at java.base/java.lang.reflect.Method.invoke(Method.java:580)
	at org.testng.internal.MethodInvocationHelper.invokeMethod(MethodInvocationHelper.java:124)
	at org.testng.internal.MethodInvocationHelper.invokeMethod(MethodInvocationHelper.java:74)
	at org.testng.internal.MethodInvocationHelper.invokeMethodNoCheckedException(MethodInvocationHelper.java:45)
	... 21 more
</div></td></tr></table><p class="totop"><a href="#summary">back to summary</a></p>
<h3 id="m72">hust.cs.javacourse.search.index.IndexTest#testTestToString</h3><table class="result"><tr><th>Exception</th></tr><tr><td><div class="stacktrace">java.lang.RuntimeException: java.lang.NullPointerException: Cannot read field &quot;termToPostingListMapping&quot; because &quot;index&quot; is null
	at org.testng.internal.MethodInvocationHelper.invokeMethodNoCheckedException(MethodInvocationHelper.java:49)
	at org.testng.internal.MethodInvocationHelper.invokeDataProvider(MethodInvocationHelper.java:131)
	at org.testng.internal.Parameters.handleParameters(Parameters.java:706)
	at org.testng.internal.ParameterHandler.handleParameters(ParameterHandler.java:49)
	at org.testng.internal.ParameterHandler.createParameters(ParameterHandler.java:37)
	at org.testng.internal.Invoker.invokeTestMethods(Invoker.java:924)
	at org.testng.internal.TestMethodWorker.invokeTestMethods(TestMethodWorker.java:125)
	at org.testng.internal.TestMethodWorker.run(TestMethodWorker.java:109)
	at org.testng.TestRunner.privateRun(TestRunner.java:648)
	at org.testng.TestRunner.run(TestRunner.java:505)
	at org.testng.SuiteRunner.runTest(SuiteRunner.java:455)
	at org.testng.SuiteRunner.runSequentially(SuiteRunner.java:450)
	at org.testng.SuiteRunner.privateRun(SuiteRunner.java:415)
	at org.testng.SuiteRunner.run(SuiteRunner.java:364)
	at org.testng.SuiteRunnerWorker.runSuite(SuiteRunnerWorker.java:52)
	at org.testng.SuiteRunnerWorker.run(SuiteRunnerWorker.java:84)
	at org.testng.TestNG.runSuitesSequentially(TestNG.java:1208)
	at org.testng.TestNG.runSuitesLocally(TestNG.java:1137)
	at org.testng.TestNG.runSuites(TestNG.java:1049)
	at org.testng.TestNG.run(TestNG.java:1017)
	at org.testng.TestNG.privateMain(TestNG.java:1354)
	at org.testng.TestNG.main(TestNG.java:1323)
Caused by: java.lang.NullPointerException: Cannot read field &quot;termToPostingListMapping&quot; because &quot;index&quot; is null
	at hust.cs.javacourse.search.index.IndexTestCase.buildToStringTestCase(IndexTestCase.java:59)
	at hust.cs.javacourse.search.index.IndexTestDataProvider.testIndex(IndexTestDataProvider.java:14)
	at java.base/jdk.internal.reflect.DirectMethodHandleAccessor.invoke(DirectMethodHandleAccessor.java:103)
	at java.base/java.lang.reflect.Method.invoke(Method.java:580)
	at org.testng.internal.MethodInvocationHelper.invokeMethod(MethodInvocationHelper.java:124)
	at org.testng.internal.MethodInvocationHelper.invokeMethod(MethodInvocationHelper.java:74)
	at org.testng.internal.MethodInvocationHelper.invokeMethodNoCheckedException(MethodInvocationHelper.java:45)
	... 21 more
</div></td></tr></table><p class="totop"><a href="#summary">back to summary</a></p>
<h3 id="m73">hust.cs.javacourse.search.index.IndexTest#testReadObject</h3><table class="result"><tr class="param"><th>Parameter #1</th><th>Parameter #2</th></tr><tr class="param stripe"><td>null</td><td>/home/charswool/daily/java_course/lab/Java%e6%96%b0%e5%ae%9e%e9%aa%8c%e4%b8%80/test/Experiment1Test/test/config/..//index/index_1_2_3_txt.dat</td></tr></table><p class="totop"><a href="#summary">back to summary</a></p>
<h3 id="m74">hust.cs.javacourse.search.index.IndexTest#testWriteObject</h3><table class="result"><tr class="param"><th>Parameter #1</th><th>Parameter #2</th></tr><tr class="param stripe"><td>null</td><td>/home/charswool/daily/java_course/lab/Java%e6%96%b0%e5%ae%9e%e9%aa%8c%e4%b8%80/test/Experiment1Test/test/config/..//index/index_1_2_3_txt.dat</td></tr></table><p class="totop"><a href="#summary">back to summary</a></p>
<h2>D:/IdeaWorkspace/SeachEngine/test/hust/cs/javacourse/search/index/IndexBuilderTest.java</h2><h3 id="m75">hust.cs.javacourse.search.index.IndexBuilderTest#testBuildIndex</h3><table class="result"><tr class="param"><th>Parameter #1</th><th>Parameter #2</th></tr><tr class="param stripe"><td>Empty Index</td><td>null</td></tr><tr><th colspan="2">Exception</th></tr><tr><td colspan="2"><div class="stacktrace">java.lang.NullPointerException: Cannot invoke &quot;hust.cs.javacourse.search.index.AbstractIndex.optimize()&quot; because &quot;index2&quot; is null
	at util.CustomComparator.isEqual(CustomComparator.java:44)
	at hust.cs.javacourse.search.index.IndexBuilderTest.testBuildIndex(IndexBuilderTest.java:13)
	at java.base/jdk.internal.reflect.DirectMethodHandleAccessor.invoke(DirectMethodHandleAccessor.java:103)
	at java.base/java.lang.reflect.Method.invoke(Method.java:580)
	at org.testng.internal.MethodInvocationHelper.invokeMethod(MethodInvocationHelper.java:124)
	at org.testng.internal.Invoker.invokeMethod(Invoker.java:583)
	at org.testng.internal.Invoker.invokeTestMethod(Invoker.java:719)
	at org.testng.internal.Invoker.invokeTestMethods(Invoker.java:989)
	at org.testng.internal.TestMethodWorker.invokeTestMethods(TestMethodWorker.java:125)
	at org.testng.internal.TestMethodWorker.run(TestMethodWorker.java:109)
	at org.testng.TestRunner.privateRun(TestRunner.java:648)
	at org.testng.TestRunner.run(TestRunner.java:505)
	at org.testng.SuiteRunner.runTest(SuiteRunner.java:455)
	at org.testng.SuiteRunner.runSequentially(SuiteRunner.java:450)
	at org.testng.SuiteRunner.privateRun(SuiteRunner.java:415)
	at org.testng.SuiteRunner.run(SuiteRunner.java:364)
	at org.testng.SuiteRunnerWorker.runSuite(SuiteRunnerWorker.java:52)
	at org.testng.SuiteRunnerWorker.run(SuiteRunnerWorker.java:84)
	at org.testng.TestNG.runSuitesSequentially(TestNG.java:1208)
	at org.testng.TestNG.runSuitesLocally(TestNG.java:1137)
	at org.testng.TestNG.runSuites(TestNG.java:1049)
	at org.testng.TestNG.run(TestNG.java:1017)
	at org.testng.TestNG.privateMain(TestNG.java:1354)
	at org.testng.TestNG.main(TestNG.java:1323)
</div></td></tr></table><p class="totop"><a href="#summary">back to summary</a></p>
<h2>D:/IdeaWorkspace/SeachEngine/test/hust/cs/javacourse/search/query/HitTest.java</h2><h3 id="m76">hust.cs.javacourse.search.query.HitTest#testCompareTo</h3><table class="result"><tr><th>Exception</th></tr><tr><td><div class="stacktrace">java.lang.RuntimeException: java.lang.NullPointerException: Cannot load from object array because &quot;hits&quot; is null
	at org.testng.internal.MethodInvocationHelper.invokeMethodNoCheckedException(MethodInvocationHelper.java:49)
	at org.testng.internal.MethodInvocationHelper.invokeDataProvider(MethodInvocationHelper.java:131)
	at org.testng.internal.Parameters.handleParameters(Parameters.java:706)
	at org.testng.internal.ParameterHandler.handleParameters(ParameterHandler.java:49)
	at org.testng.internal.ParameterHandler.createParameters(ParameterHandler.java:37)
	at org.testng.internal.Invoker.invokeTestMethods(Invoker.java:924)
	at org.testng.internal.TestMethodWorker.invokeTestMethods(TestMethodWorker.java:125)
	at org.testng.internal.TestMethodWorker.run(TestMethodWorker.java:109)
	at org.testng.TestRunner.privateRun(TestRunner.java:648)
	at org.testng.TestRunner.run(TestRunner.java:505)
	at org.testng.SuiteRunner.runTest(SuiteRunner.java:455)
	at org.testng.SuiteRunner.runSequentially(SuiteRunner.java:450)
	at org.testng.SuiteRunner.privateRun(SuiteRunner.java:415)
	at org.testng.SuiteRunner.run(SuiteRunner.java:364)
	at org.testng.SuiteRunnerWorker.runSuite(SuiteRunnerWorker.java:52)
	at org.testng.SuiteRunnerWorker.run(SuiteRunnerWorker.java:84)
	at org.testng.TestNG.runSuitesSequentially(TestNG.java:1208)
	at org.testng.TestNG.runSuitesLocally(TestNG.java:1137)
	at org.testng.TestNG.runSuites(TestNG.java:1049)
	at org.testng.TestNG.run(TestNG.java:1017)
	at org.testng.TestNG.privateMain(TestNG.java:1354)
	at org.testng.TestNG.main(TestNG.java:1323)
Caused by: java.lang.NullPointerException: Cannot load from object array because &quot;hits&quot; is null
	at hust.cs.javacourse.search.query.HitTestCase.buildCompareToSTestCase(HitTestCase.java:117)
	at hust.cs.javacourse.search.query.HitTestDataProvider.testHit(HitTestDataProvider.java:38)
	at java.base/jdk.internal.reflect.DirectMethodHandleAccessor.invoke(DirectMethodHandleAccessor.java:103)
	at java.base/java.lang.reflect.Method.invoke(Method.java:580)
	at org.testng.internal.MethodInvocationHelper.invokeMethod(MethodInvocationHelper.java:124)
	at org.testng.internal.MethodInvocationHelper.invokeMethod(MethodInvocationHelper.java:74)
	at org.testng.internal.MethodInvocationHelper.invokeMethodNoCheckedException(MethodInvocationHelper.java:45)
	... 21 more
</div></td></tr></table><p class="totop"><a href="#summary">back to summary</a></p>
<h3 id="m77">hust.cs.javacourse.search.query.HitTest#testGetContent</h3><table class="result"><tr><th>Exception</th></tr><tr><td><div class="stacktrace">java.lang.RuntimeException: java.lang.NullPointerException: Cannot load from object array because &quot;hits&quot; is null
	at org.testng.internal.MethodInvocationHelper.invokeMethodNoCheckedException(MethodInvocationHelper.java:49)
	at org.testng.internal.MethodInvocationHelper.invokeDataProvider(MethodInvocationHelper.java:131)
	at org.testng.internal.Parameters.handleParameters(Parameters.java:706)
	at org.testng.internal.ParameterHandler.handleParameters(ParameterHandler.java:49)
	at org.testng.internal.ParameterHandler.createParameters(ParameterHandler.java:37)
	at org.testng.internal.Invoker.invokeTestMethods(Invoker.java:924)
	at org.testng.internal.TestMethodWorker.invokeTestMethods(TestMethodWorker.java:125)
	at org.testng.internal.TestMethodWorker.run(TestMethodWorker.java:109)
	at org.testng.TestRunner.privateRun(TestRunner.java:648)
	at org.testng.TestRunner.run(TestRunner.java:505)
	at org.testng.SuiteRunner.runTest(SuiteRunner.java:455)
	at org.testng.SuiteRunner.runSequentially(SuiteRunner.java:450)
	at org.testng.SuiteRunner.privateRun(SuiteRunner.java:415)
	at org.testng.SuiteRunner.run(SuiteRunner.java:364)
	at org.testng.SuiteRunnerWorker.runSuite(SuiteRunnerWorker.java:52)
	at org.testng.SuiteRunnerWorker.run(SuiteRunnerWorker.java:84)
	at org.testng.TestNG.runSuitesSequentially(TestNG.java:1208)
	at org.testng.TestNG.runSuitesLocally(TestNG.java:1137)
	at org.testng.TestNG.runSuites(TestNG.java:1049)
	at org.testng.TestNG.run(TestNG.java:1017)
	at org.testng.TestNG.privateMain(TestNG.java:1354)
	at org.testng.TestNG.main(TestNG.java:1323)
Caused by: java.lang.NullPointerException: Cannot load from object array because &quot;hits&quot; is null
	at hust.cs.javacourse.search.query.HitTestCase.buildGetContentTestCase(HitTestCase.java:43)
	at hust.cs.javacourse.search.query.HitTestDataProvider.testHit(HitTestDataProvider.java:20)
	at java.base/jdk.internal.reflect.DirectMethodHandleAccessor.invoke(DirectMethodHandleAccessor.java:103)
	at java.base/java.lang.reflect.Method.invoke(Method.java:580)
	at org.testng.internal.MethodInvocationHelper.invokeMethod(MethodInvocationHelper.java:124)
	at org.testng.internal.MethodInvocationHelper.invokeMethod(MethodInvocationHelper.java:74)
	at org.testng.internal.MethodInvocationHelper.invokeMethodNoCheckedException(MethodInvocationHelper.java:45)
	... 21 more
</div></td></tr></table><p class="totop"><a href="#summary">back to summary</a></p>
<h3 id="m78">hust.cs.javacourse.search.query.HitTest#testGetDocId</h3><table class="result"><tr><th>Exception</th></tr><tr><td><div class="stacktrace">java.lang.RuntimeException: java.lang.NullPointerException: Cannot load from object array because &quot;hits&quot; is null
	at org.testng.internal.MethodInvocationHelper.invokeMethodNoCheckedException(MethodInvocationHelper.java:49)
	at org.testng.internal.MethodInvocationHelper.invokeDataProvider(MethodInvocationHelper.java:131)
	at org.testng.internal.Parameters.handleParameters(Parameters.java:706)
	at org.testng.internal.ParameterHandler.handleParameters(ParameterHandler.java:49)
	at org.testng.internal.ParameterHandler.createParameters(ParameterHandler.java:37)
	at org.testng.internal.Invoker.invokeTestMethods(Invoker.java:924)
	at org.testng.internal.TestMethodWorker.invokeTestMethods(TestMethodWorker.java:125)
	at org.testng.internal.TestMethodWorker.run(TestMethodWorker.java:109)
	at org.testng.TestRunner.privateRun(TestRunner.java:648)
	at org.testng.TestRunner.run(TestRunner.java:505)
	at org.testng.SuiteRunner.runTest(SuiteRunner.java:455)
	at org.testng.SuiteRunner.runSequentially(SuiteRunner.java:450)
	at org.testng.SuiteRunner.privateRun(SuiteRunner.java:415)
	at org.testng.SuiteRunner.run(SuiteRunner.java:364)
	at org.testng.SuiteRunnerWorker.runSuite(SuiteRunnerWorker.java:52)
	at org.testng.SuiteRunnerWorker.run(SuiteRunnerWorker.java:84)
	at org.testng.TestNG.runSuitesSequentially(TestNG.java:1208)
	at org.testng.TestNG.runSuitesLocally(TestNG.java:1137)
	at org.testng.TestNG.runSuites(TestNG.java:1049)
	at org.testng.TestNG.run(TestNG.java:1017)
	at org.testng.TestNG.privateMain(TestNG.java:1354)
	at org.testng.TestNG.main(TestNG.java:1323)
Caused by: java.lang.NullPointerException: Cannot load from object array because &quot;hits&quot; is null
	at hust.cs.javacourse.search.query.HitTestCase.buildGetDocIdTestCase(HitTestCase.java:21)
	at hust.cs.javacourse.search.query.HitTestDataProvider.testHit(HitTestDataProvider.java:14)
	at java.base/jdk.internal.reflect.DirectMethodHandleAccessor.invoke(DirectMethodHandleAccessor.java:103)
	at java.base/java.lang.reflect.Method.invoke(Method.java:580)
	at org.testng.internal.MethodInvocationHelper.invokeMethod(MethodInvocationHelper.java:124)
	at org.testng.internal.MethodInvocationHelper.invokeMethod(MethodInvocationHelper.java:74)
	at org.testng.internal.MethodInvocationHelper.invokeMethodNoCheckedException(MethodInvocationHelper.java:45)
	... 21 more
</div></td></tr></table><p class="totop"><a href="#summary">back to summary</a></p>
<h3 id="m79">hust.cs.javacourse.search.query.HitTest#testGetDocPath</h3><table class="result"><tr><th>Exception</th></tr><tr><td><div class="stacktrace">java.lang.RuntimeException: java.lang.NullPointerException: Cannot load from object array because &quot;hits&quot; is null
	at org.testng.internal.MethodInvocationHelper.invokeMethodNoCheckedException(MethodInvocationHelper.java:49)
	at org.testng.internal.MethodInvocationHelper.invokeDataProvider(MethodInvocationHelper.java:131)
	at org.testng.internal.Parameters.handleParameters(Parameters.java:706)
	at org.testng.internal.ParameterHandler.handleParameters(ParameterHandler.java:49)
	at org.testng.internal.ParameterHandler.createParameters(ParameterHandler.java:37)
	at org.testng.internal.Invoker.invokeTestMethods(Invoker.java:924)
	at org.testng.internal.TestMethodWorker.invokeTestMethods(TestMethodWorker.java:125)
	at org.testng.internal.TestMethodWorker.run(TestMethodWorker.java:109)
	at org.testng.TestRunner.privateRun(TestRunner.java:648)
	at org.testng.TestRunner.run(TestRunner.java:505)
	at org.testng.SuiteRunner.runTest(SuiteRunner.java:455)
	at org.testng.SuiteRunner.runSequentially(SuiteRunner.java:450)
	at org.testng.SuiteRunner.privateRun(SuiteRunner.java:415)
	at org.testng.SuiteRunner.run(SuiteRunner.java:364)
	at org.testng.SuiteRunnerWorker.runSuite(SuiteRunnerWorker.java:52)
	at org.testng.SuiteRunnerWorker.run(SuiteRunnerWorker.java:84)
	at org.testng.TestNG.runSuitesSequentially(TestNG.java:1208)
	at org.testng.TestNG.runSuitesLocally(TestNG.java:1137)
	at org.testng.TestNG.runSuites(TestNG.java:1049)
	at org.testng.TestNG.run(TestNG.java:1017)
	at org.testng.TestNG.privateMain(TestNG.java:1354)
	at org.testng.TestNG.main(TestNG.java:1323)
Caused by: java.lang.NullPointerException: Cannot load from object array because &quot;hits&quot; is null
	at hust.cs.javacourse.search.query.HitTestCase.buildGetDocPathTestCase(HitTestCase.java:32)
	at hust.cs.javacourse.search.query.HitTestDataProvider.testHit(HitTestDataProvider.java:17)
	at java.base/jdk.internal.reflect.DirectMethodHandleAccessor.invoke(DirectMethodHandleAccessor.java:103)
	at java.base/java.lang.reflect.Method.invoke(Method.java:580)
	at org.testng.internal.MethodInvocationHelper.invokeMethod(MethodInvocationHelper.java:124)
	at org.testng.internal.MethodInvocationHelper.invokeMethod(MethodInvocationHelper.java:74)
	at org.testng.internal.MethodInvocationHelper.invokeMethodNoCheckedException(MethodInvocationHelper.java:45)
	... 21 more
</div></td></tr></table><p class="totop"><a href="#summary">back to summary</a></p>
<h3 id="m80">hust.cs.javacourse.search.query.HitTest#testGetScore</h3><table class="result"><tr><th>Exception</th></tr><tr><td><div class="stacktrace">java.lang.RuntimeException: java.lang.NullPointerException: Cannot load from object array because &quot;hits&quot; is null
	at org.testng.internal.MethodInvocationHelper.invokeMethodNoCheckedException(MethodInvocationHelper.java:49)
	at org.testng.internal.MethodInvocationHelper.invokeDataProvider(MethodInvocationHelper.java:131)
	at org.testng.internal.Parameters.handleParameters(Parameters.java:706)
	at org.testng.internal.ParameterHandler.handleParameters(ParameterHandler.java:49)
	at org.testng.internal.ParameterHandler.createParameters(ParameterHandler.java:37)
	at org.testng.internal.Invoker.invokeTestMethods(Invoker.java:924)
	at org.testng.internal.TestMethodWorker.invokeTestMethods(TestMethodWorker.java:125)
	at org.testng.internal.TestMethodWorker.run(TestMethodWorker.java:109)
	at org.testng.TestRunner.privateRun(TestRunner.java:648)
	at org.testng.TestRunner.run(TestRunner.java:505)
	at org.testng.SuiteRunner.runTest(SuiteRunner.java:455)
	at org.testng.SuiteRunner.runSequentially(SuiteRunner.java:450)
	at org.testng.SuiteRunner.privateRun(SuiteRunner.java:415)
	at org.testng.SuiteRunner.run(SuiteRunner.java:364)
	at org.testng.SuiteRunnerWorker.runSuite(SuiteRunnerWorker.java:52)
	at org.testng.SuiteRunnerWorker.run(SuiteRunnerWorker.java:84)
	at org.testng.TestNG.runSuitesSequentially(TestNG.java:1208)
	at org.testng.TestNG.runSuitesLocally(TestNG.java:1137)
	at org.testng.TestNG.runSuites(TestNG.java:1049)
	at org.testng.TestNG.run(TestNG.java:1017)
	at org.testng.TestNG.privateMain(TestNG.java:1354)
	at org.testng.TestNG.main(TestNG.java:1323)
Caused by: java.lang.NullPointerException: Cannot load from object array because &quot;hits&quot; is null
	at hust.cs.javacourse.search.query.HitTestCase.buildGetScoreTestCase(HitTestCase.java:65)
	at hust.cs.javacourse.search.query.HitTestDataProvider.testHit(HitTestDataProvider.java:26)
	at java.base/jdk.internal.reflect.DirectMethodHandleAccessor.invoke(DirectMethodHandleAccessor.java:103)
	at java.base/java.lang.reflect.Method.invoke(Method.java:580)
	at org.testng.internal.MethodInvocationHelper.invokeMethod(MethodInvocationHelper.java:124)
	at org.testng.internal.MethodInvocationHelper.invokeMethod(MethodInvocationHelper.java:74)
	at org.testng.internal.MethodInvocationHelper.invokeMethodNoCheckedException(MethodInvocationHelper.java:45)
	... 21 more
</div></td></tr></table><p class="totop"><a href="#summary">back to summary</a></p>
<h3 id="m81">hust.cs.javacourse.search.query.HitTest#testGetTermPostingMapping</h3><table class="result"><tr><th>Exception</th></tr><tr><td><div class="stacktrace">java.lang.RuntimeException: java.lang.NullPointerException: Cannot load from object array because &quot;hits&quot; is null
	at org.testng.internal.MethodInvocationHelper.invokeMethodNoCheckedException(MethodInvocationHelper.java:49)
	at org.testng.internal.MethodInvocationHelper.invokeDataProvider(MethodInvocationHelper.java:131)
	at org.testng.internal.Parameters.handleParameters(Parameters.java:706)
	at org.testng.internal.ParameterHandler.handleParameters(ParameterHandler.java:49)
	at org.testng.internal.ParameterHandler.createParameters(ParameterHandler.java:37)
	at org.testng.internal.Invoker.invokeTestMethods(Invoker.java:924)
	at org.testng.internal.TestMethodWorker.invokeTestMethods(TestMethodWorker.java:125)
	at org.testng.internal.TestMethodWorker.run(TestMethodWorker.java:109)
	at org.testng.TestRunner.privateRun(TestRunner.java:648)
	at org.testng.TestRunner.run(TestRunner.java:505)
	at org.testng.SuiteRunner.runTest(SuiteRunner.java:455)
	at org.testng.SuiteRunner.runSequentially(SuiteRunner.java:450)
	at org.testng.SuiteRunner.privateRun(SuiteRunner.java:415)
	at org.testng.SuiteRunner.run(SuiteRunner.java:364)
	at org.testng.SuiteRunnerWorker.runSuite(SuiteRunnerWorker.java:52)
	at org.testng.SuiteRunnerWorker.run(SuiteRunnerWorker.java:84)
	at org.testng.TestNG.runSuitesSequentially(TestNG.java:1208)
	at org.testng.TestNG.runSuitesLocally(TestNG.java:1137)
	at org.testng.TestNG.runSuites(TestNG.java:1049)
	at org.testng.TestNG.run(TestNG.java:1017)
	at org.testng.TestNG.privateMain(TestNG.java:1354)
	at org.testng.TestNG.main(TestNG.java:1323)
Caused by: java.lang.NullPointerException: Cannot load from object array because &quot;hits&quot; is null
	at hust.cs.javacourse.search.query.HitTestCase.buildGetTermPostingMappingTestCase(HitTestCase.java:87)
	at hust.cs.javacourse.search.query.HitTestDataProvider.testHit(HitTestDataProvider.java:32)
	at java.base/jdk.internal.reflect.DirectMethodHandleAccessor.invoke(DirectMethodHandleAccessor.java:103)
	at java.base/java.lang.reflect.Method.invoke(Method.java:580)
	at org.testng.internal.MethodInvocationHelper.invokeMethod(MethodInvocationHelper.java:124)
	at org.testng.internal.MethodInvocationHelper.invokeMethod(MethodInvocationHelper.java:74)
	at org.testng.internal.MethodInvocationHelper.invokeMethodNoCheckedException(MethodInvocationHelper.java:45)
	... 21 more
</div></td></tr></table><p class="totop"><a href="#summary">back to summary</a></p>
<h3 id="m82">hust.cs.javacourse.search.query.HitTest#testSetContent</h3><table class="result"><tr><th>Exception</th></tr><tr><td><div class="stacktrace">java.lang.RuntimeException: java.lang.NullPointerException: Cannot load from object array because &quot;hits&quot; is null
	at org.testng.internal.MethodInvocationHelper.invokeMethodNoCheckedException(MethodInvocationHelper.java:49)
	at org.testng.internal.MethodInvocationHelper.invokeDataProvider(MethodInvocationHelper.java:131)
	at org.testng.internal.Parameters.handleParameters(Parameters.java:706)
	at org.testng.internal.ParameterHandler.handleParameters(ParameterHandler.java:49)
	at org.testng.internal.ParameterHandler.createParameters(ParameterHandler.java:37)
	at org.testng.internal.Invoker.invokeTestMethods(Invoker.java:924)
	at org.testng.internal.TestMethodWorker.invokeTestMethods(TestMethodWorker.java:125)
	at org.testng.internal.TestMethodWorker.run(TestMethodWorker.java:109)
	at org.testng.TestRunner.privateRun(TestRunner.java:648)
	at org.testng.TestRunner.run(TestRunner.java:505)
	at org.testng.SuiteRunner.runTest(SuiteRunner.java:455)
	at org.testng.SuiteRunner.runSequentially(SuiteRunner.java:450)
	at org.testng.SuiteRunner.privateRun(SuiteRunner.java:415)
	at org.testng.SuiteRunner.run(SuiteRunner.java:364)
	at org.testng.SuiteRunnerWorker.runSuite(SuiteRunnerWorker.java:52)
	at org.testng.SuiteRunnerWorker.run(SuiteRunnerWorker.java:84)
	at org.testng.TestNG.runSuitesSequentially(TestNG.java:1208)
	at org.testng.TestNG.runSuitesLocally(TestNG.java:1137)
	at org.testng.TestNG.runSuites(TestNG.java:1049)
	at org.testng.TestNG.run(TestNG.java:1017)
	at org.testng.TestNG.privateMain(TestNG.java:1354)
	at org.testng.TestNG.main(TestNG.java:1323)
Caused by: java.lang.NullPointerException: Cannot load from object array because &quot;hits&quot; is null
	at hust.cs.javacourse.search.query.HitTestCase.buildSetContentTestCase(HitTestCase.java:54)
	at hust.cs.javacourse.search.query.HitTestDataProvider.testHit(HitTestDataProvider.java:23)
	at java.base/jdk.internal.reflect.DirectMethodHandleAccessor.invoke(DirectMethodHandleAccessor.java:103)
	at java.base/java.lang.reflect.Method.invoke(Method.java:580)
	at org.testng.internal.MethodInvocationHelper.invokeMethod(MethodInvocationHelper.java:124)
	at org.testng.internal.MethodInvocationHelper.invokeMethod(MethodInvocationHelper.java:74)
	at org.testng.internal.MethodInvocationHelper.invokeMethodNoCheckedException(MethodInvocationHelper.java:45)
	... 21 more
</div></td></tr></table><p class="totop"><a href="#summary">back to summary</a></p>
<h3 id="m83">hust.cs.javacourse.search.query.HitTest#testSetScore</h3><table class="result"><tr><th>Exception</th></tr><tr><td><div class="stacktrace">java.lang.RuntimeException: java.lang.NullPointerException: Cannot load from object array because &quot;hits&quot; is null
	at org.testng.internal.MethodInvocationHelper.invokeMethodNoCheckedException(MethodInvocationHelper.java:49)
	at org.testng.internal.MethodInvocationHelper.invokeDataProvider(MethodInvocationHelper.java:131)
	at org.testng.internal.Parameters.handleParameters(Parameters.java:706)
	at org.testng.internal.ParameterHandler.handleParameters(ParameterHandler.java:49)
	at org.testng.internal.ParameterHandler.createParameters(ParameterHandler.java:37)
	at org.testng.internal.Invoker.invokeTestMethods(Invoker.java:924)
	at org.testng.internal.TestMethodWorker.invokeTestMethods(TestMethodWorker.java:125)
	at org.testng.internal.TestMethodWorker.run(TestMethodWorker.java:109)
	at org.testng.TestRunner.privateRun(TestRunner.java:648)
	at org.testng.TestRunner.run(TestRunner.java:505)
	at org.testng.SuiteRunner.runTest(SuiteRunner.java:455)
	at org.testng.SuiteRunner.runSequentially(SuiteRunner.java:450)
	at org.testng.SuiteRunner.privateRun(SuiteRunner.java:415)
	at org.testng.SuiteRunner.run(SuiteRunner.java:364)
	at org.testng.SuiteRunnerWorker.runSuite(SuiteRunnerWorker.java:52)
	at org.testng.SuiteRunnerWorker.run(SuiteRunnerWorker.java:84)
	at org.testng.TestNG.runSuitesSequentially(TestNG.java:1208)
	at org.testng.TestNG.runSuitesLocally(TestNG.java:1137)
	at org.testng.TestNG.runSuites(TestNG.java:1049)
	at org.testng.TestNG.run(TestNG.java:1017)
	at org.testng.TestNG.privateMain(TestNG.java:1354)
	at org.testng.TestNG.main(TestNG.java:1323)
Caused by: java.lang.NullPointerException: Cannot load from object array because &quot;hits&quot; is null
	at hust.cs.javacourse.search.query.HitTestCase.buildSetScoreTestCase(HitTestCase.java:76)
	at hust.cs.javacourse.search.query.HitTestDataProvider.testHit(HitTestDataProvider.java:29)
	at java.base/jdk.internal.reflect.DirectMethodHandleAccessor.invoke(DirectMethodHandleAccessor.java:103)
	at java.base/java.lang.reflect.Method.invoke(Method.java:580)
	at org.testng.internal.MethodInvocationHelper.invokeMethod(MethodInvocationHelper.java:124)
	at org.testng.internal.MethodInvocationHelper.invokeMethod(MethodInvocationHelper.java:74)
	at org.testng.internal.MethodInvocationHelper.invokeMethodNoCheckedException(MethodInvocationHelper.java:45)
	... 21 more
</div></td></tr></table><p class="totop"><a href="#summary">back to summary</a></p>
<h3 id="m84">hust.cs.javacourse.search.query.HitTest#testTestToString</h3><table class="result"><tr><th>Exception</th></tr><tr><td><div class="stacktrace">java.lang.RuntimeException: java.lang.NullPointerException: Cannot load from object array because &quot;hits&quot; is null
	at org.testng.internal.MethodInvocationHelper.invokeMethodNoCheckedException(MethodInvocationHelper.java:49)
	at org.testng.internal.MethodInvocationHelper.invokeDataProvider(MethodInvocationHelper.java:131)
	at org.testng.internal.Parameters.handleParameters(Parameters.java:706)
	at org.testng.internal.ParameterHandler.handleParameters(ParameterHandler.java:49)
	at org.testng.internal.ParameterHandler.createParameters(ParameterHandler.java:37)
	at org.testng.internal.Invoker.invokeTestMethods(Invoker.java:924)
	at org.testng.internal.TestMethodWorker.invokeTestMethods(TestMethodWorker.java:125)
	at org.testng.internal.TestMethodWorker.run(TestMethodWorker.java:109)
	at org.testng.TestRunner.privateRun(TestRunner.java:648)
	at org.testng.TestRunner.run(TestRunner.java:505)
	at org.testng.SuiteRunner.runTest(SuiteRunner.java:455)
	at org.testng.SuiteRunner.runSequentially(SuiteRunner.java:450)
	at org.testng.SuiteRunner.privateRun(SuiteRunner.java:415)
	at org.testng.SuiteRunner.run(SuiteRunner.java:364)
	at org.testng.SuiteRunnerWorker.runSuite(SuiteRunnerWorker.java:52)
	at org.testng.SuiteRunnerWorker.run(SuiteRunnerWorker.java:84)
	at org.testng.TestNG.runSuitesSequentially(TestNG.java:1208)
	at org.testng.TestNG.runSuitesLocally(TestNG.java:1137)
	at org.testng.TestNG.runSuites(TestNG.java:1049)
	at org.testng.TestNG.run(TestNG.java:1017)
	at org.testng.TestNG.privateMain(TestNG.java:1354)
	at org.testng.TestNG.main(TestNG.java:1323)
Caused by: java.lang.NullPointerException: Cannot load from object array because &quot;hits&quot; is null
	at hust.cs.javacourse.search.query.HitTestCase.buildToStringTestCase(HitTestCase.java:99)
	at hust.cs.javacourse.search.query.HitTestDataProvider.testHit(HitTestDataProvider.java:35)
	at java.base/jdk.internal.reflect.DirectMethodHandleAccessor.invoke(DirectMethodHandleAccessor.java:103)
	at java.base/java.lang.reflect.Method.invoke(Method.java:580)
	at org.testng.internal.MethodInvocationHelper.invokeMethod(MethodInvocationHelper.java:124)
	at org.testng.internal.MethodInvocationHelper.invokeMethod(MethodInvocationHelper.java:74)
	at org.testng.internal.MethodInvocationHelper.invokeMethodNoCheckedException(MethodInvocationHelper.java:45)
	... 21 more
</div></td></tr></table><p class="totop"><a href="#summary">back to summary</a></p>
<h2>D:/IdeaWorkspace/SeachEngine/test/hust/cs/javacourse/search/query/IndexSearcherTest.java</h2><h3 id="m85">hust.cs.javacourse.search.query.IndexSearcherTest#testSearch</h3><table class="result"><tr class="param"><th>Parameter #1</th><th>Parameter #2</th></tr><tr class="param stripe"><td>null</td><td>null</td></tr><tr><th colspan="2">Exception</th></tr><tr><td colspan="2"><div class="stacktrace">java.lang.NullPointerException: Cannot read the array length because &quot;hits&quot; is null
	at hust.cs.javacourse.search.query.IndexSearcherTest.testSearch(IndexSearcherTest.java:14)
	at java.base/jdk.internal.reflect.DirectMethodHandleAccessor.invoke(DirectMethodHandleAccessor.java:103)
	at java.base/java.lang.reflect.Method.invoke(Method.java:580)
	at org.testng.internal.MethodInvocationHelper.invokeMethod(MethodInvocationHelper.java:124)
	at org.testng.internal.Invoker.invokeMethod(Invoker.java:583)
	at org.testng.internal.Invoker.invokeTestMethod(Invoker.java:719)
	at org.testng.internal.Invoker.invokeTestMethods(Invoker.java:989)
	at org.testng.internal.TestMethodWorker.invokeTestMethods(TestMethodWorker.java:125)
	at org.testng.internal.TestMethodWorker.run(TestMethodWorker.java:109)
	at org.testng.TestRunner.privateRun(TestRunner.java:648)
	at org.testng.TestRunner.run(TestRunner.java:505)
	at org.testng.SuiteRunner.runTest(SuiteRunner.java:455)
	at org.testng.SuiteRunner.runSequentially(SuiteRunner.java:450)
	at org.testng.SuiteRunner.privateRun(SuiteRunner.java:415)
	at org.testng.SuiteRunner.run(SuiteRunner.java:364)
	at org.testng.SuiteRunnerWorker.runSuite(SuiteRunnerWorker.java:52)
	at org.testng.SuiteRunnerWorker.run(SuiteRunnerWorker.java:84)
	at org.testng.TestNG.runSuitesSequentially(TestNG.java:1208)
	at org.testng.TestNG.runSuitesLocally(TestNG.java:1137)
	at org.testng.TestNG.runSuites(TestNG.java:1049)
	at org.testng.TestNG.run(TestNG.java:1017)
	at org.testng.TestNG.privateMain(TestNG.java:1354)
	at org.testng.TestNG.main(TestNG.java:1323)
</div></td></tr></table><p class="totop"><a href="#summary">back to summary</a></p>
<h3 id="m86">hust.cs.javacourse.search.query.IndexSearcherTest#testSearch</h3><table class="result"><tr class="param"><th>Parameter #1</th><th>Parameter #2</th></tr><tr class="param stripe"><td>null</td><td>null</td></tr><tr><th colspan="2">Exception</th></tr><tr><td colspan="2"><div class="stacktrace">java.lang.NullPointerException: Cannot read the array length because &quot;hits&quot; is null
	at hust.cs.javacourse.search.query.IndexSearcherTest.testSearch(IndexSearcherTest.java:14)
	at java.base/jdk.internal.reflect.DirectMethodHandleAccessor.invoke(DirectMethodHandleAccessor.java:103)
	at java.base/java.lang.reflect.Method.invoke(Method.java:580)
	at org.testng.internal.MethodInvocationHelper.invokeMethod(MethodInvocationHelper.java:124)
	at org.testng.internal.Invoker.invokeMethod(Invoker.java:583)
	at org.testng.internal.Invoker.invokeTestMethod(Invoker.java:719)
	at org.testng.internal.Invoker.invokeTestMethods(Invoker.java:989)
	at org.testng.internal.TestMethodWorker.invokeTestMethods(TestMethodWorker.java:125)
	at org.testng.internal.TestMethodWorker.run(TestMethodWorker.java:109)
	at org.testng.TestRunner.privateRun(TestRunner.java:648)
	at org.testng.TestRunner.run(TestRunner.java:505)
	at org.testng.SuiteRunner.runTest(SuiteRunner.java:455)
	at org.testng.SuiteRunner.runSequentially(SuiteRunner.java:450)
	at org.testng.SuiteRunner.privateRun(SuiteRunner.java:415)
	at org.testng.SuiteRunner.run(SuiteRunner.java:364)
	at org.testng.SuiteRunnerWorker.runSuite(SuiteRunnerWorker.java:52)
	at org.testng.SuiteRunnerWorker.run(SuiteRunnerWorker.java:84)
	at org.testng.TestNG.runSuitesSequentially(TestNG.java:1208)
	at org.testng.TestNG.runSuitesLocally(TestNG.java:1137)
	at org.testng.TestNG.runSuites(TestNG.java:1049)
	at org.testng.TestNG.run(TestNG.java:1017)
	at org.testng.TestNG.privateMain(TestNG.java:1354)
	at org.testng.TestNG.main(TestNG.java:1323)
</div></td></tr></table><p class="totop"><a href="#summary">back to summary</a></p>
<h3 id="m87">hust.cs.javacourse.search.query.IndexSearcherTest#testTestSearch</h3><table class="result"><tr class="param"><th>Parameter #1</th><th>Parameter #2</th></tr><tr class="param stripe"><td>null</td><td>null</td></tr><tr><th colspan="2">Exception</th></tr><tr><td colspan="2"><div class="stacktrace">java.lang.NullPointerException: Cannot read the array length because &quot;hits&quot; is null
	at hust.cs.javacourse.search.query.IndexSearcherTest.testTestSearch(IndexSearcherTest.java:21)
	at java.base/jdk.internal.reflect.DirectMethodHandleAccessor.invoke(DirectMethodHandleAccessor.java:103)
	at java.base/java.lang.reflect.Method.invoke(Method.java:580)
	at org.testng.internal.MethodInvocationHelper.invokeMethod(MethodInvocationHelper.java:124)
	at org.testng.internal.Invoker.invokeMethod(Invoker.java:583)
	at org.testng.internal.Invoker.invokeTestMethod(Invoker.java:719)
	at org.testng.internal.Invoker.invokeTestMethods(Invoker.java:989)
	at org.testng.internal.TestMethodWorker.invokeTestMethods(TestMethodWorker.java:125)
	at org.testng.internal.TestMethodWorker.run(TestMethodWorker.java:109)
	at org.testng.TestRunner.privateRun(TestRunner.java:648)
	at org.testng.TestRunner.run(TestRunner.java:505)
	at org.testng.SuiteRunner.runTest(SuiteRunner.java:455)
	at org.testng.SuiteRunner.runSequentially(SuiteRunner.java:450)
	at org.testng.SuiteRunner.privateRun(SuiteRunner.java:415)
	at org.testng.SuiteRunner.run(SuiteRunner.java:364)
	at org.testng.SuiteRunnerWorker.runSuite(SuiteRunnerWorker.java:52)
	at org.testng.SuiteRunnerWorker.run(SuiteRunnerWorker.java:84)
	at org.testng.TestNG.runSuitesSequentially(TestNG.java:1208)
	at org.testng.TestNG.runSuitesLocally(TestNG.java:1137)
	at org.testng.TestNG.runSuites(TestNG.java:1049)
	at org.testng.TestNG.run(TestNG.java:1017)
	at org.testng.TestNG.privateMain(TestNG.java:1354)
	at org.testng.TestNG.main(TestNG.java:1323)
</div></td></tr></table><p class="totop"><a href="#summary">back to summary</a></p>
</body>
</html>
